{
  "/Users/yoann/dev/ramure/src/app/history.ts": {
    "path": "/Users/yoann/dev/ramure/src/app/history.ts",
    "all": false,
    "statementMap": {
      "8": { "start": { "line": 9, "column": 0 }, "end": { "line": 9, "column": 65 } },
      "37": { "start": { "line": 38, "column": 0 }, "end": { "line": 38, "column": 21 } },
      "38": { "start": { "line": 39, "column": 0 }, "end": { "line": 39, "column": 21 } },
      "40": { "start": { "line": 41, "column": 0 }, "end": { "line": 41, "column": 116 } },
      "42": { "start": { "line": 43, "column": 0 }, "end": { "line": 43, "column": 90 } },
      "43": { "start": { "line": 44, "column": 0 }, "end": { "line": 44, "column": 24 } },
      "44": { "start": { "line": 45, "column": 0 }, "end": { "line": 45, "column": 16 } },
      "45": { "start": { "line": 46, "column": 0 }, "end": { "line": 46, "column": 121 } },
      "46": { "start": { "line": 47, "column": 0 }, "end": { "line": 47, "column": 17 } },
      "47": { "start": { "line": 48, "column": 0 }, "end": { "line": 48, "column": 63 } },
      "48": { "start": { "line": 49, "column": 0 }, "end": { "line": 49, "column": 18 } },
      "49": { "start": { "line": 50, "column": 0 }, "end": { "line": 50, "column": 53 } },
      "50": { "start": { "line": 51, "column": 0 }, "end": { "line": 51, "column": 18 } },
      "51": { "start": { "line": 52, "column": 0 }, "end": { "line": 52, "column": 14 } },
      "52": { "start": { "line": 53, "column": 0 }, "end": { "line": 53, "column": 17 } },
      "53": { "start": { "line": 54, "column": 0 }, "end": { "line": 54, "column": 26 } },
      "54": { "start": { "line": 55, "column": 0 }, "end": { "line": 55, "column": 91 } },
      "55": { "start": { "line": 56, "column": 0 }, "end": { "line": 56, "column": 19 } },
      "56": { "start": { "line": 57, "column": 0 }, "end": { "line": 57, "column": 35 } },
      "57": { "start": { "line": 58, "column": 0 }, "end": { "line": 58, "column": 65 } },
      "58": { "start": { "line": 59, "column": 0 }, "end": { "line": 59, "column": 8 } },
      "59": { "start": { "line": 60, "column": 0 }, "end": { "line": 60, "column": 19 } },
      "60": { "start": { "line": 61, "column": 0 }, "end": { "line": 61, "column": 31 } },
      "61": { "start": { "line": 62, "column": 0 }, "end": { "line": 62, "column": 69 } },
      "62": { "start": { "line": 63, "column": 0 }, "end": { "line": 63, "column": 92 } },
      "63": { "start": { "line": 64, "column": 0 }, "end": { "line": 64, "column": 18 } },
      "64": { "start": { "line": 65, "column": 0 }, "end": { "line": 65, "column": 54 } },
      "65": { "start": { "line": 66, "column": 0 }, "end": { "line": 66, "column": 31 } },
      "66": { "start": { "line": 67, "column": 0 }, "end": { "line": 67, "column": 138 } },
      "67": { "start": { "line": 68, "column": 0 }, "end": { "line": 68, "column": 5 } },
      "68": { "start": { "line": 69, "column": 0 }, "end": { "line": 69, "column": 18 } },
      "69": { "start": { "line": 70, "column": 0 }, "end": { "line": 70, "column": 36 } },
      "70": { "start": { "line": 71, "column": 0 }, "end": { "line": 71, "column": 31 } },
      "71": { "start": { "line": 72, "column": 0 }, "end": { "line": 72, "column": 134 } },
      "72": { "start": { "line": 73, "column": 0 }, "end": { "line": 73, "column": 5 } },
      "73": { "start": { "line": 74, "column": 0 }, "end": { "line": 74, "column": 3 } },
      "74": { "start": { "line": 75, "column": 0 }, "end": { "line": 75, "column": 1 } }
    },
    "s": {
      "8": 1,
      "37": 1,
      "38": 1,
      "40": 1,
      "42": 1,
      "43": 262,
      "44": 262,
      "45": 2,
      "46": 262,
      "47": 0,
      "48": 262,
      "49": 0,
      "50": 262,
      "51": 253,
      "52": 253,
      "53": 253,
      "54": 253,
      "55": 253,
      "56": 253,
      "57": 253,
      "58": 253,
      "59": 262,
      "60": 2,
      "61": 1,
      "62": 1,
      "63": 262,
      "64": 4,
      "65": 4,
      "66": 3,
      "67": 3,
      "68": 262,
      "69": 1,
      "70": 1,
      "71": 1,
      "72": 1,
      "73": 262,
      "74": 262
    },
    "branchMap": {
      "0": {
        "type": "branch",
        "line": 43,
        "loc": { "start": { "line": 43, "column": 7 }, "end": { "line": 75, "column": 1 } },
        "locations": [{ "start": { "line": 43, "column": 7 }, "end": { "line": 75, "column": 1 } }]
      },
      "1": {
        "type": "branch",
        "line": 45,
        "loc": { "start": { "line": 45, "column": 4 }, "end": { "line": 46, "column": 121 } },
        "locations": [{ "start": { "line": 45, "column": 4 }, "end": { "line": 46, "column": 121 } }]
      },
      "2": {
        "type": "branch",
        "line": 47,
        "loc": { "start": { "line": 47, "column": 4 }, "end": { "line": 48, "column": 63 } },
        "locations": [{ "start": { "line": 47, "column": 4 }, "end": { "line": 48, "column": 63 } }]
      },
      "3": {
        "type": "branch",
        "line": 49,
        "loc": { "start": { "line": 49, "column": 4 }, "end": { "line": 50, "column": 53 } },
        "locations": [{ "start": { "line": 49, "column": 4 }, "end": { "line": 50, "column": 53 } }]
      },
      "4": {
        "type": "branch",
        "line": 51,
        "loc": { "start": { "line": 51, "column": 4 }, "end": { "line": 59, "column": 8 } },
        "locations": [{ "start": { "line": 51, "column": 4 }, "end": { "line": 59, "column": 8 } }]
      },
      "5": {
        "type": "branch",
        "line": 60,
        "loc": { "start": { "line": 60, "column": 4 }, "end": { "line": 63, "column": 92 } },
        "locations": [{ "start": { "line": 60, "column": 4 }, "end": { "line": 63, "column": 92 } }]
      },
      "6": {
        "type": "branch",
        "line": 61,
        "loc": { "start": { "line": 61, "column": 20 }, "end": { "line": 62, "column": 69 } },
        "locations": [{ "start": { "line": 61, "column": 20 }, "end": { "line": 62, "column": 69 } }]
      },
      "7": {
        "type": "branch",
        "line": 62,
        "loc": { "start": { "line": 62, "column": 68 }, "end": { "line": 63, "column": 92 } },
        "locations": [{ "start": { "line": 62, "column": 68 }, "end": { "line": 63, "column": 92 } }]
      },
      "8": {
        "type": "branch",
        "line": 64,
        "loc": { "start": { "line": 64, "column": 4 }, "end": { "line": 68, "column": 5 } },
        "locations": [{ "start": { "line": 64, "column": 4 }, "end": { "line": 68, "column": 5 } }]
      },
      "9": {
        "type": "branch",
        "line": 66,
        "loc": { "start": { "line": 66, "column": 18 }, "end": { "line": 66, "column": 31 } },
        "locations": [{ "start": { "line": 66, "column": 18 }, "end": { "line": 66, "column": 31 } }]
      },
      "10": {
        "type": "branch",
        "line": 66,
        "loc": { "start": { "line": 66, "column": 25 }, "end": { "line": 68, "column": 5 } },
        "locations": [{ "start": { "line": 66, "column": 25 }, "end": { "line": 68, "column": 5 } }]
      },
      "11": {
        "type": "branch",
        "line": 69,
        "loc": { "start": { "line": 69, "column": 4 }, "end": { "line": 73, "column": 5 } },
        "locations": [{ "start": { "line": 69, "column": 4 }, "end": { "line": 73, "column": 5 } }]
      },
      "12": {
        "type": "branch",
        "line": 71,
        "loc": { "start": { "line": 71, "column": 18 }, "end": { "line": 71, "column": 31 } },
        "locations": [{ "start": { "line": 71, "column": 18 }, "end": { "line": 71, "column": 31 } }]
      }
    },
    "b": {
      "0": [262],
      "1": [2],
      "2": [0],
      "3": [0],
      "4": [253],
      "5": [2],
      "6": [1],
      "7": [1],
      "8": [4],
      "9": [1],
      "10": [3],
      "11": [1],
      "12": [0]
    },
    "fnMap": {
      "0": {
        "name": "historyReducer",
        "decl": { "start": { "line": 43, "column": 7 }, "end": { "line": 75, "column": 1 } },
        "loc": { "start": { "line": 43, "column": 7 }, "end": { "line": 75, "column": 1 } },
        "line": 43
      }
    },
    "f": { "0": 262 }
  },
  "/Users/yoann/dev/ramure/src/app/router.ts": {
    "path": "/Users/yoann/dev/ramure/src/app/router.ts",
    "all": false,
    "statementMap": {
      "9": { "start": { "line": 10, "column": 0 }, "end": { "line": 10, "column": 57 } },
      "14": { "start": { "line": 15, "column": 0 }, "end": { "line": 15, "column": 49 } },
      "15": { "start": { "line": 16, "column": 0 }, "end": { "line": 16, "column": 35 } },
      "16": { "start": { "line": 17, "column": 0 }, "end": { "line": 17, "column": 55 } },
      "17": { "start": { "line": 18, "column": 0 }, "end": { "line": 18, "column": 73 } },
      "18": { "start": { "line": 19, "column": 0 }, "end": { "line": 19, "column": 44 } },
      "19": { "start": { "line": 20, "column": 0 }, "end": { "line": 20, "column": 70 } },
      "20": { "start": { "line": 21, "column": 0 }, "end": { "line": 21, "column": 84 } },
      "21": { "start": { "line": 22, "column": 0 }, "end": { "line": 22, "column": 82 } },
      "22": { "start": { "line": 23, "column": 0 }, "end": { "line": 23, "column": 26 } },
      "23": { "start": { "line": 24, "column": 0 }, "end": { "line": 24, "column": 1 } },
      "25": { "start": { "line": 26, "column": 0 }, "end": { "line": 26, "column": 45 } },
      "26": { "start": { "line": 27, "column": 0 }, "end": { "line": 27, "column": 19 } },
      "27": { "start": { "line": 28, "column": 0 }, "end": { "line": 28, "column": 16 } },
      "28": { "start": { "line": 29, "column": 0 }, "end": { "line": 29, "column": 18 } },
      "29": { "start": { "line": 30, "column": 0 }, "end": { "line": 30, "column": 16 } },
      "30": { "start": { "line": 31, "column": 0 }, "end": { "line": 31, "column": 51 } },
      "31": { "start": { "line": 32, "column": 0 }, "end": { "line": 32, "column": 21 } },
      "32": { "start": { "line": 33, "column": 0 }, "end": { "line": 33, "column": 62 } },
      "33": { "start": { "line": 34, "column": 0 }, "end": { "line": 34, "column": 20 } },
      "34": { "start": { "line": 35, "column": 0 }, "end": { "line": 35, "column": 28 } },
      "35": { "start": { "line": 36, "column": 0 }, "end": { "line": 36, "column": 17 } },
      "36": { "start": { "line": 37, "column": 0 }, "end": { "line": 37, "column": 32 } },
      "37": { "start": { "line": 38, "column": 0 }, "end": { "line": 38, "column": 3 } },
      "38": { "start": { "line": 39, "column": 0 }, "end": { "line": 39, "column": 1 } },
      "40": { "start": { "line": 41, "column": 0 }, "end": { "line": 41, "column": 80 } },
      "41": { "start": { "line": 42, "column": 0 }, "end": { "line": 42, "column": 77 } },
      "42": { "start": { "line": 43, "column": 0 }, "end": { "line": 43, "column": 19 } },
      "43": { "start": { "line": 44, "column": 0 }, "end": { "line": 44, "column": 63 } },
      "44": { "start": { "line": 45, "column": 0 }, "end": { "line": 45, "column": 52 } },
      "45": { "start": { "line": 46, "column": 0 }, "end": { "line": 46, "column": 68 } },
      "46": { "start": { "line": 47, "column": 0 }, "end": { "line": 47, "column": 9 } },
      "47": { "start": { "line": 48, "column": 0 }, "end": { "line": 48, "column": 63 } },
      "48": { "start": { "line": 49, "column": 0 }, "end": { "line": 49, "column": 30 } },
      "49": { "start": { "line": 50, "column": 0 }, "end": { "line": 50, "column": 39 } },
      "50": { "start": { "line": 51, "column": 0 }, "end": { "line": 51, "column": 54 } },
      "51": { "start": { "line": 52, "column": 0 }, "end": { "line": 52, "column": 30 } },
      "53": { "start": { "line": 54, "column": 0 }, "end": { "line": 54, "column": 29 } },
      "54": { "start": { "line": 55, "column": 0 }, "end": { "line": 55, "column": 9 } },
      "55": { "start": { "line": 56, "column": 0 }, "end": { "line": 56, "column": 27 } },
      "56": { "start": { "line": 57, "column": 0 }, "end": { "line": 57, "column": 1 } }
    },
    "s": {
      "9": 1,
      "14": 1,
      "15": 9,
      "16": 9,
      "17": 9,
      "18": 8,
      "19": 9,
      "20": 9,
      "21": 9,
      "22": 3,
      "23": 3,
      "25": 1,
      "26": 5,
      "27": 5,
      "28": 1,
      "29": 5,
      "30": 1,
      "31": 5,
      "32": 1,
      "33": 5,
      "34": 1,
      "35": 5,
      "36": 1,
      "37": 5,
      "38": 5,
      "40": 1,
      "41": 0,
      "42": 0,
      "43": 0,
      "44": 0,
      "45": 0,
      "46": 0,
      "47": 0,
      "48": 0,
      "49": 0,
      "50": 0,
      "51": 0,
      "53": 0,
      "54": 0,
      "55": 0,
      "56": 0
    },
    "branchMap": {
      "0": {
        "type": "branch",
        "line": 15,
        "loc": { "start": { "line": 15, "column": 7 }, "end": { "line": 24, "column": 1 } },
        "locations": [{ "start": { "line": 15, "column": 7 }, "end": { "line": 24, "column": 1 } }]
      },
      "1": {
        "type": "branch",
        "line": 18,
        "loc": { "start": { "line": 18, "column": 11 }, "end": { "line": 18, "column": 73 } },
        "locations": [{ "start": { "line": 18, "column": 11 }, "end": { "line": 18, "column": 73 } }]
      },
      "2": {
        "type": "branch",
        "line": 18,
        "loc": { "start": { "line": 18, "column": 71 }, "end": { "line": 20, "column": 19 } },
        "locations": [{ "start": { "line": 18, "column": 71 }, "end": { "line": 20, "column": 19 } }]
      },
      "3": {
        "type": "branch",
        "line": 20,
        "loc": { "start": { "line": 20, "column": 12 }, "end": { "line": 20, "column": 70 } },
        "locations": [{ "start": { "line": 20, "column": 12 }, "end": { "line": 20, "column": 70 } }]
      },
      "4": {
        "type": "branch",
        "line": 20,
        "loc": { "start": { "line": 20, "column": 68 }, "end": { "line": 21, "column": 33 } },
        "locations": [{ "start": { "line": 20, "column": 68 }, "end": { "line": 21, "column": 33 } }]
      },
      "5": {
        "type": "branch",
        "line": 21,
        "loc": { "start": { "line": 21, "column": 28 }, "end": { "line": 21, "column": 56 } },
        "locations": [{ "start": { "line": 21, "column": 28 }, "end": { "line": 21, "column": 56 } }]
      },
      "6": {
        "type": "branch",
        "line": 21,
        "loc": { "start": { "line": 21, "column": 56 }, "end": { "line": 21, "column": 84 } },
        "locations": [{ "start": { "line": 21, "column": 56 }, "end": { "line": 21, "column": 84 } }]
      },
      "7": {
        "type": "branch",
        "line": 21,
        "loc": { "start": { "line": 21, "column": 82 }, "end": { "line": 22, "column": 37 } },
        "locations": [{ "start": { "line": 21, "column": 82 }, "end": { "line": 22, "column": 37 } }]
      },
      "8": {
        "type": "branch",
        "line": 22,
        "loc": { "start": { "line": 22, "column": 32 }, "end": { "line": 22, "column": 57 } },
        "locations": [{ "start": { "line": 22, "column": 32 }, "end": { "line": 22, "column": 57 } }]
      },
      "9": {
        "type": "branch",
        "line": 22,
        "loc": { "start": { "line": 22, "column": 57 }, "end": { "line": 22, "column": 82 } },
        "locations": [{ "start": { "line": 22, "column": 57 }, "end": { "line": 22, "column": 82 } }]
      },
      "10": {
        "type": "branch",
        "line": 22,
        "loc": { "start": { "line": 22, "column": 80 }, "end": { "line": 24, "column": 1 } },
        "locations": [{ "start": { "line": 22, "column": 80 }, "end": { "line": 24, "column": 1 } }]
      },
      "11": {
        "type": "branch",
        "line": 26,
        "loc": { "start": { "line": 26, "column": 7 }, "end": { "line": 39, "column": 1 } },
        "locations": [{ "start": { "line": 26, "column": 7 }, "end": { "line": 39, "column": 1 } }]
      },
      "12": {
        "type": "branch",
        "line": 28,
        "loc": { "start": { "line": 28, "column": 4 }, "end": { "line": 29, "column": 18 } },
        "locations": [{ "start": { "line": 28, "column": 4 }, "end": { "line": 29, "column": 18 } }]
      },
      "13": {
        "type": "branch",
        "line": 30,
        "loc": { "start": { "line": 30, "column": 4 }, "end": { "line": 31, "column": 51 } },
        "locations": [{ "start": { "line": 30, "column": 4 }, "end": { "line": 31, "column": 51 } }]
      },
      "14": {
        "type": "branch",
        "line": 32,
        "loc": { "start": { "line": 32, "column": 4 }, "end": { "line": 33, "column": 62 } },
        "locations": [{ "start": { "line": 32, "column": 4 }, "end": { "line": 33, "column": 62 } }]
      },
      "15": {
        "type": "branch",
        "line": 34,
        "loc": { "start": { "line": 34, "column": 4 }, "end": { "line": 35, "column": 28 } },
        "locations": [{ "start": { "line": 34, "column": 4 }, "end": { "line": 35, "column": 28 } }]
      },
      "16": {
        "type": "branch",
        "line": 36,
        "loc": { "start": { "line": 36, "column": 4 }, "end": { "line": 37, "column": 32 } },
        "locations": [{ "start": { "line": 36, "column": 4 }, "end": { "line": 37, "column": 32 } }]
      }
    },
    "b": {
      "0": [9],
      "1": [1],
      "2": [8],
      "3": [1],
      "4": [7],
      "5": [6],
      "6": [2],
      "7": [5],
      "8": [4],
      "9": [2],
      "10": [3],
      "11": [5],
      "12": [1],
      "13": [1],
      "14": [1],
      "15": [1],
      "16": [1]
    },
    "fnMap": {
      "0": {
        "name": "parseRoute",
        "decl": { "start": { "line": 15, "column": 7 }, "end": { "line": 24, "column": 1 } },
        "loc": { "start": { "line": 15, "column": 7 }, "end": { "line": 24, "column": 1 } },
        "line": 15
      },
      "1": {
        "name": "routeHash",
        "decl": { "start": { "line": 26, "column": 7 }, "end": { "line": 39, "column": 1 } },
        "loc": { "start": { "line": 26, "column": 7 }, "end": { "line": 39, "column": 1 } },
        "line": 26
      },
      "2": {
        "name": "useHashRoute",
        "decl": { "start": { "line": 41, "column": 7 }, "end": { "line": 57, "column": 1 } },
        "loc": { "start": { "line": 41, "column": 7 }, "end": { "line": 57, "column": 1 } },
        "line": 41
      }
    },
    "f": { "0": 9, "1": 5, "2": 0 }
  },
  "/Users/yoann/dev/ramure/src/gedcom/age.ts": {
    "path": "/Users/yoann/dev/ramure/src/gedcom/age.ts",
    "all": false,
    "statementMap": {
      "8": { "start": { "line": 9, "column": 0 }, "end": { "line": 9, "column": 71 } },
      "15": { "start": { "line": 16, "column": 0 }, "end": { "line": 16, "column": 70 } },
      "16": { "start": { "line": 17, "column": 0 }, "end": { "line": 17, "column": 60 } },
      "17": { "start": { "line": 18, "column": 0 }, "end": { "line": 18, "column": 19 } },
      "18": { "start": { "line": 19, "column": 0 }, "end": { "line": 19, "column": 84 } },
      "19": { "start": { "line": 20, "column": 0 }, "end": { "line": 20, "column": 11 } },
      "20": { "start": { "line": 21, "column": 0 }, "end": { "line": 21, "column": 1 } },
      "22": { "start": { "line": 23, "column": 0 }, "end": { "line": 23, "column": 129 } },
      "23": { "start": { "line": 24, "column": 0 }, "end": { "line": 24, "column": 30 } },
      "24": { "start": { "line": 25, "column": 0 }, "end": { "line": 25, "column": 75 } },
      "25": { "start": { "line": 26, "column": 0 }, "end": { "line": 26, "column": 15 } },
      "26": { "start": { "line": 27, "column": 0 }, "end": { "line": 27, "column": 1 } },
      "29": { "start": { "line": 30, "column": 0 }, "end": { "line": 30, "column": 105 } },
      "30": { "start": { "line": 31, "column": 0 }, "end": { "line": 31, "column": 39 } },
      "31": { "start": { "line": 32, "column": 0 }, "end": { "line": 32, "column": 33 } },
      "32": { "start": { "line": 33, "column": 0 }, "end": { "line": 33, "column": 25 } },
      "33": { "start": { "line": 34, "column": 0 }, "end": { "line": 34, "column": 91 } },
      "34": { "start": { "line": 35, "column": 0 }, "end": { "line": 35, "column": 24 } },
      "35": { "start": { "line": 36, "column": 0 }, "end": { "line": 36, "column": 12 } },
      "36": { "start": { "line": 37, "column": 0 }, "end": { "line": 37, "column": 85 } },
      "37": { "start": { "line": 38, "column": 0 }, "end": { "line": 38, "column": 73 } },
      "38": { "start": { "line": 39, "column": 0 }, "end": { "line": 39, "column": 5 } },
      "39": { "start": { "line": 40, "column": 0 }, "end": { "line": 40, "column": 38 } },
      "40": { "start": { "line": 41, "column": 0 }, "end": { "line": 41, "column": 43 } },
      "41": { "start": { "line": 42, "column": 0 }, "end": { "line": 42, "column": 30 } },
      "42": { "start": { "line": 43, "column": 0 }, "end": { "line": 43, "column": 70 } },
      "43": { "start": { "line": 44, "column": 0 }, "end": { "line": 44, "column": 3 } },
      "44": { "start": { "line": 45, "column": 0 }, "end": { "line": 45, "column": 31 } },
      "45": { "start": { "line": 46, "column": 0 }, "end": { "line": 46, "column": 15 } },
      "46": { "start": { "line": 47, "column": 0 }, "end": { "line": 47, "column": 125 } },
      "47": { "start": { "line": 48, "column": 0 }, "end": { "line": 48, "column": 60 } },
      "48": { "start": { "line": 49, "column": 0 }, "end": { "line": 49, "column": 3 } },
      "49": { "start": { "line": 50, "column": 0 }, "end": { "line": 50, "column": 36 } },
      "50": { "start": { "line": 51, "column": 0 }, "end": { "line": 51, "column": 30 } },
      "51": { "start": { "line": 52, "column": 0 }, "end": { "line": 52, "column": 61 } },
      "52": { "start": { "line": 53, "column": 0 }, "end": { "line": 53, "column": 20 } },
      "54": { "start": { "line": 55, "column": 0 }, "end": { "line": 55, "column": 57 } },
      "55": { "start": { "line": 56, "column": 0 }, "end": { "line": 56, "column": 1 } }
    },
    "s": {
      "8": 1,
      "15": 21,
      "16": 21,
      "17": 17,
      "18": 21,
      "19": 7,
      "20": 7,
      "22": 4,
      "23": 4,
      "24": 4,
      "25": 4,
      "26": 4,
      "29": 1,
      "30": 13,
      "31": 12,
      "32": 12,
      "33": 12,
      "34": 13,
      "35": 3,
      "36": 1,
      "37": 1,
      "38": 1,
      "39": 2,
      "40": 3,
      "41": 2,
      "42": 3,
      "43": 3,
      "44": 9,
      "45": 13,
      "46": 3,
      "47": 3,
      "48": 3,
      "49": 6,
      "50": 6,
      "51": 13,
      "52": 5,
      "54": 13,
      "55": 13
    },
    "branchMap": {
      "0": {
        "type": "branch",
        "line": 16,
        "loc": { "start": { "line": 16, "column": 0 }, "end": { "line": 21, "column": 1 } },
        "locations": [{ "start": { "line": 16, "column": 0 }, "end": { "line": 21, "column": 1 } }]
      },
      "1": {
        "type": "branch",
        "line": 17,
        "loc": { "start": { "line": 17, "column": 23 }, "end": { "line": 17, "column": 43 } },
        "locations": [{ "start": { "line": 17, "column": 23 }, "end": { "line": 17, "column": 43 } }]
      },
      "2": {
        "type": "branch",
        "line": 17,
        "loc": { "start": { "line": 17, "column": 43 }, "end": { "line": 17, "column": 60 } },
        "locations": [{ "start": { "line": 17, "column": 43 }, "end": { "line": 17, "column": 60 } }]
      },
      "3": {
        "type": "branch",
        "line": 17,
        "loc": { "start": { "line": 17, "column": 50 }, "end": { "line": 19, "column": 36 } },
        "locations": [{ "start": { "line": 17, "column": 50 }, "end": { "line": 19, "column": 36 } }]
      },
      "4": {
        "type": "branch",
        "line": 19,
        "loc": { "start": { "line": 19, "column": 21 }, "end": { "line": 19, "column": 47 } },
        "locations": [{ "start": { "line": 19, "column": 21 }, "end": { "line": 19, "column": 47 } }]
      },
      "5": {
        "type": "branch",
        "line": 19,
        "loc": { "start": { "line": 19, "column": 39 }, "end": { "line": 19, "column": 59 } },
        "locations": [{ "start": { "line": 19, "column": 39 }, "end": { "line": 19, "column": 59 } }]
      },
      "6": {
        "type": "branch",
        "line": 19,
        "loc": { "start": { "line": 19, "column": 50 }, "end": { "line": 19, "column": 67 } },
        "locations": [{ "start": { "line": 19, "column": 50 }, "end": { "line": 19, "column": 67 } }]
      },
      "7": {
        "type": "branch",
        "line": 19,
        "loc": { "start": { "line": 19, "column": 67 }, "end": { "line": 19, "column": 84 } },
        "locations": [{ "start": { "line": 19, "column": 67 }, "end": { "line": 19, "column": 84 } }]
      },
      "8": {
        "type": "branch",
        "line": 19,
        "loc": { "start": { "line": 19, "column": 74 }, "end": { "line": 21, "column": 1 } },
        "locations": [{ "start": { "line": 19, "column": 74 }, "end": { "line": 21, "column": 1 } }]
      },
      "9": {
        "type": "branch",
        "line": 23,
        "loc": { "start": { "line": 23, "column": 0 }, "end": { "line": 27, "column": 1 } },
        "locations": [{ "start": { "line": 23, "column": 0 }, "end": { "line": 27, "column": 1 } }]
      },
      "10": {
        "type": "branch",
        "line": 25,
        "loc": { "start": { "line": 25, "column": 42 }, "end": { "line": 25, "column": 67 } },
        "locations": [{ "start": { "line": 25, "column": 42 }, "end": { "line": 25, "column": 67 } }]
      },
      "11": {
        "type": "branch",
        "line": 25,
        "loc": { "start": { "line": 25, "column": 67 }, "end": { "line": 25, "column": 75 } },
        "locations": [{ "start": { "line": 25, "column": 67 }, "end": { "line": 25, "column": 75 } }]
      },
      "12": {
        "type": "branch",
        "line": 30,
        "loc": { "start": { "line": 30, "column": 7 }, "end": { "line": 56, "column": 1 } },
        "locations": [{ "start": { "line": 30, "column": 7 }, "end": { "line": 56, "column": 1 } }]
      },
      "13": {
        "type": "branch",
        "line": 31,
        "loc": { "start": { "line": 31, "column": 7 }, "end": { "line": 31, "column": 22 } },
        "locations": [{ "start": { "line": 31, "column": 7 }, "end": { "line": 31, "column": 22 } }]
      },
      "14": {
        "type": "branch",
        "line": 31,
        "loc": { "start": { "line": 31, "column": 22 }, "end": { "line": 31, "column": 39 } },
        "locations": [{ "start": { "line": 31, "column": 22 }, "end": { "line": 31, "column": 39 } }]
      },
      "15": {
        "type": "branch",
        "line": 31,
        "loc": { "start": { "line": 31, "column": 29 }, "end": { "line": 35, "column": 23 } },
        "locations": [{ "start": { "line": 31, "column": 29 }, "end": { "line": 35, "column": 23 } }]
      },
      "16": {
        "type": "branch",
        "line": 35,
        "loc": { "start": { "line": 35, "column": 23 }, "end": { "line": 44, "column": 3 } },
        "locations": [{ "start": { "line": 35, "column": 23 }, "end": { "line": 44, "column": 3 } }]
      },
      "17": {
        "type": "branch",
        "line": 36,
        "loc": { "start": { "line": 36, "column": 11 }, "end": { "line": 39, "column": 5 } },
        "locations": [{ "start": { "line": 36, "column": 11 }, "end": { "line": 39, "column": 5 } }]
      },
      "18": {
        "type": "branch",
        "line": 38,
        "loc": { "start": { "line": 38, "column": 59 }, "end": { "line": 38, "column": 73 } },
        "locations": [{ "start": { "line": 38, "column": 59 }, "end": { "line": 38, "column": 73 } }]
      },
      "19": {
        "type": "branch",
        "line": 39,
        "loc": { "start": { "line": 39, "column": 4 }, "end": { "line": 41, "column": 33 } },
        "locations": [{ "start": { "line": 39, "column": 4 }, "end": { "line": 41, "column": 33 } }]
      },
      "20": {
        "type": "branch",
        "line": 41,
        "loc": { "start": { "line": 41, "column": 26 }, "end": { "line": 41, "column": 43 } },
        "locations": [{ "start": { "line": 41, "column": 26 }, "end": { "line": 41, "column": 43 } }]
      },
      "21": {
        "type": "branch",
        "line": 41,
        "loc": { "start": { "line": 41, "column": 33 }, "end": { "line": 43, "column": 31 } },
        "locations": [{ "start": { "line": 41, "column": 33 }, "end": { "line": 43, "column": 31 } }]
      },
      "22": {
        "type": "branch",
        "line": 43,
        "loc": { "start": { "line": 43, "column": 25 }, "end": { "line": 43, "column": 60 } },
        "locations": [{ "start": { "line": 43, "column": 25 }, "end": { "line": 43, "column": 60 } }]
      },
      "23": {
        "type": "branch",
        "line": 43,
        "loc": { "start": { "line": 43, "column": 56 }, "end": { "line": 43, "column": 70 } },
        "locations": [{ "start": { "line": 43, "column": 56 }, "end": { "line": 43, "column": 70 } }]
      },
      "24": {
        "type": "branch",
        "line": 44,
        "loc": { "start": { "line": 44, "column": 2 }, "end": { "line": 46, "column": 11 } },
        "locations": [{ "start": { "line": 44, "column": 2 }, "end": { "line": 46, "column": 11 } }]
      },
      "25": {
        "type": "branch",
        "line": 46,
        "loc": { "start": { "line": 46, "column": 6 }, "end": { "line": 46, "column": 14 } },
        "locations": [{ "start": { "line": 46, "column": 6 }, "end": { "line": 46, "column": 14 } }]
      },
      "26": {
        "type": "branch",
        "line": 46,
        "loc": { "start": { "line": 46, "column": 14 }, "end": { "line": 49, "column": 3 } },
        "locations": [{ "start": { "line": 46, "column": 14 }, "end": { "line": 49, "column": 3 } }]
      },
      "27": {
        "type": "branch",
        "line": 48,
        "loc": { "start": { "line": 48, "column": 46 }, "end": { "line": 48, "column": 60 } },
        "locations": [{ "start": { "line": 48, "column": 46 }, "end": { "line": 48, "column": 60 } }]
      },
      "28": {
        "type": "branch",
        "line": 49,
        "loc": { "start": { "line": 49, "column": 2 }, "end": { "line": 52, "column": 26 } },
        "locations": [{ "start": { "line": 49, "column": 2 }, "end": { "line": 52, "column": 26 } }]
      },
      "29": {
        "type": "branch",
        "line": 52,
        "loc": { "start": { "line": 52, "column": 13 }, "end": { "line": 52, "column": 44 } },
        "locations": [{ "start": { "line": 52, "column": 13 }, "end": { "line": 52, "column": 44 } }]
      },
      "30": {
        "type": "branch",
        "line": 52,
        "loc": { "start": { "line": 52, "column": 44 }, "end": { "line": 52, "column": 61 } },
        "locations": [{ "start": { "line": 52, "column": 44 }, "end": { "line": 52, "column": 61 } }]
      },
      "31": {
        "type": "branch",
        "line": 52,
        "loc": { "start": { "line": 52, "column": 51 }, "end": { "line": 55, "column": 18 } },
        "locations": [{ "start": { "line": 52, "column": 51 }, "end": { "line": 55, "column": 18 } }]
      },
      "32": {
        "type": "branch",
        "line": 55,
        "loc": { "start": { "line": 55, "column": 14 }, "end": { "line": 55, "column": 47 } },
        "locations": [{ "start": { "line": 55, "column": 14 }, "end": { "line": 55, "column": 47 } }]
      },
      "33": {
        "type": "branch",
        "line": 55,
        "loc": { "start": { "line": 55, "column": 43 }, "end": { "line": 55, "column": 57 } },
        "locations": [{ "start": { "line": 55, "column": 43 }, "end": { "line": 55, "column": 57 } }]
      }
    },
    "b": {
      "0": [21],
      "1": [17],
      "2": [4],
      "3": [17],
      "4": [16],
      "5": [16],
      "6": [7],
      "7": [10],
      "8": [7],
      "9": [4],
      "10": [2],
      "11": [1],
      "12": [13],
      "13": [12],
      "14": [1],
      "15": [12],
      "16": [3],
      "17": [1],
      "18": [0],
      "19": [2],
      "20": [0],
      "21": [2],
      "22": [1],
      "23": [1],
      "24": [9],
      "25": [3],
      "26": [3],
      "27": [0],
      "28": [6],
      "29": [5],
      "30": [1],
      "31": [5],
      "32": [4],
      "33": [1]
    },
    "fnMap": {
      "0": {
        "name": "fullGregorian",
        "decl": { "start": { "line": 16, "column": 0 }, "end": { "line": 21, "column": 1 } },
        "loc": { "start": { "line": 16, "column": 0 }, "end": { "line": 21, "column": 1 } },
        "line": 16
      },
      "1": {
        "name": "yearsBetween",
        "decl": { "start": { "line": 23, "column": 0 }, "end": { "line": 27, "column": 1 } },
        "loc": { "start": { "line": 23, "column": 0 }, "end": { "line": 27, "column": 1 } },
        "line": 23
      },
      "2": {
        "name": "computeAge",
        "decl": { "start": { "line": 30, "column": 7 }, "end": { "line": 56, "column": 1 } },
        "loc": { "start": { "line": 30, "column": 7 }, "end": { "line": 56, "column": 1 } },
        "line": 30
      }
    },
    "f": { "0": 21, "1": 4, "2": 13 }
  },
  "/Users/yoann/dev/ramure/src/gedcom/dates.ts": {
    "path": "/Users/yoann/dev/ramure/src/gedcom/dates.ts",
    "all": false,
    "statementMap": {
      "0": { "start": { "line": 36, "column": 0 }, "end": { "line": 36, "column": 105 } },
      "1": { "start": { "line": 37, "column": 0 }, "end": { "line": 37, "column": 127 } },
      "2": { "start": { "line": 38, "column": 0 }, "end": { "line": 38, "column": 114 } },
      "3": { "start": { "line": 40, "column": 0 }, "end": { "line": 40, "column": 52 } },
      "4": { "start": { "line": 41, "column": 0 }, "end": { "line": 41, "column": 31 } },
      "5": { "start": { "line": 42, "column": 0 }, "end": { "line": 42, "column": 25 } },
      "6": { "start": { "line": 43, "column": 0 }, "end": { "line": 43, "column": 38 } },
      "7": { "start": { "line": 44, "column": 0 }, "end": { "line": 44, "column": 25 } },
      "8": { "start": { "line": 45, "column": 0 }, "end": { "line": 45, "column": 27 } },
      "9": { "start": { "line": 46, "column": 0 }, "end": { "line": 46, "column": 2 } },
      "10": { "start": { "line": 48, "column": 0 }, "end": { "line": 48, "column": 45 } },
      "11": { "start": { "line": 49, "column": 0 }, "end": { "line": 49, "column": 56 } },
      "12": { "start": { "line": 50, "column": 0 }, "end": { "line": 50, "column": 45 } },
      "13": { "start": { "line": 51, "column": 0 }, "end": { "line": 51, "column": 21 } },
      "14": { "start": { "line": 52, "column": 0 }, "end": { "line": 52, "column": 1 } },
      "15": { "start": { "line": 55, "column": 0 }, "end": { "line": 55, "column": 72 } },
      "16": { "start": { "line": 56, "column": 0 }, "end": { "line": 56, "column": 23 } },
      "17": { "start": { "line": 57, "column": 0 }, "end": { "line": 57, "column": 39 } },
      "18": { "start": { "line": 58, "column": 0 }, "end": { "line": 58, "column": 62 } },
      "19": { "start": { "line": 59, "column": 0 }, "end": { "line": 59, "column": 42 } },
      "20": { "start": { "line": 60, "column": 0 }, "end": { "line": 60, "column": 21 } },
      "21": { "start": { "line": 61, "column": 0 }, "end": { "line": 61, "column": 37 } },
      "22": { "start": { "line": 62, "column": 0 }, "end": { "line": 62, "column": 12 } },
      "23": { "start": { "line": 63, "column": 0 }, "end": { "line": 63, "column": 5 } },
      "24": { "start": { "line": 64, "column": 0 }, "end": { "line": 64, "column": 3 } },
      "25": { "start": { "line": 65, "column": 0 }, "end": { "line": 65, "column": 27 } },
      "26": { "start": { "line": 66, "column": 0 }, "end": { "line": 66, "column": 45 } },
      "27": { "start": { "line": 67, "column": 0 }, "end": { "line": 67, "column": 37 } },
      "28": { "start": { "line": 68, "column": 0 }, "end": { "line": 68, "column": 39 } },
      "29": { "start": { "line": 70, "column": 0 }, "end": { "line": 70, "column": 44 } },
      "30": { "start": { "line": 71, "column": 0 }, "end": { "line": 71, "column": 72 } },
      "31": { "start": { "line": 72, "column": 0 }, "end": { "line": 72, "column": 28 } },
      "32": { "start": { "line": 73, "column": 0 }, "end": { "line": 73, "column": 27 } },
      "33": { "start": { "line": 74, "column": 0 }, "end": { "line": 74, "column": 32 } },
      "34": { "start": { "line": 75, "column": 0 }, "end": { "line": 75, "column": 26 } },
      "35": { "start": { "line": 76, "column": 0 }, "end": { "line": 76, "column": 56 } },
      "36": { "start": { "line": 77, "column": 0 }, "end": { "line": 77, "column": 33 } },
      "37": { "start": { "line": 78, "column": 0 }, "end": { "line": 78, "column": 23 } },
      "38": { "start": { "line": 79, "column": 0 }, "end": { "line": 79, "column": 3 } },
      "39": { "start": { "line": 80, "column": 0 }, "end": { "line": 80, "column": 27 } },
      "40": { "start": { "line": 81, "column": 0 }, "end": { "line": 81, "column": 31 } },
      "41": { "start": { "line": 82, "column": 0 }, "end": { "line": 82, "column": 66 } },
      "42": { "start": { "line": 83, "column": 0 }, "end": { "line": 83, "column": 16 } },
      "43": { "start": { "line": 84, "column": 0 }, "end": { "line": 84, "column": 3 } },
      "44": { "start": { "line": 85, "column": 0 }, "end": { "line": 85, "column": 41 } },
      "45": { "start": { "line": 87, "column": 0 }, "end": { "line": 87, "column": 13 } },
      "46": { "start": { "line": 88, "column": 0 }, "end": { "line": 88, "column": 1 } },
      "47": { "start": { "line": 90, "column": 0 }, "end": { "line": 90, "column": 47 } },
      "48": { "start": { "line": 91, "column": 0 }, "end": { "line": 91, "column": 23 } },
      "49": { "start": { "line": 92, "column": 0 }, "end": { "line": 92, "column": 29 } },
      "50": { "start": { "line": 93, "column": 0 }, "end": { "line": 93, "column": 64 } },
      "51": { "start": { "line": 94, "column": 0 }, "end": { "line": 94, "column": 64 } },
      "52": { "start": { "line": 95, "column": 0 }, "end": { "line": 95, "column": 64 } },
      "53": { "start": { "line": 96, "column": 0 }, "end": { "line": 96, "column": 104 } },
      "54": { "start": { "line": 97, "column": 0 }, "end": { "line": 97, "column": 46 } },
      "55": { "start": { "line": 98, "column": 0 }, "end": { "line": 98, "column": 4 } },
      "56": { "start": { "line": 99, "column": 0 }, "end": { "line": 99, "column": 48 } },
      "57": { "start": { "line": 100, "column": 0 }, "end": { "line": 100, "column": 81 } },
      "58": { "start": { "line": 101, "column": 0 }, "end": { "line": 101, "column": 32 } },
      "59": { "start": { "line": 102, "column": 0 }, "end": { "line": 102, "column": 76 } },
      "60": { "start": { "line": 103, "column": 0 }, "end": { "line": 103, "column": 76 } },
      "61": { "start": { "line": 104, "column": 0 }, "end": { "line": 104, "column": 59 } },
      "62": { "start": { "line": 105, "column": 0 }, "end": { "line": 105, "column": 55 } },
      "63": { "start": { "line": 106, "column": 0 }, "end": { "line": 106, "column": 59 } },
      "64": { "start": { "line": 107, "column": 0 }, "end": { "line": 107, "column": 64 } },
      "65": { "start": { "line": 108, "column": 0 }, "end": { "line": 108, "column": 63 } },
      "66": { "start": { "line": 109, "column": 0 }, "end": { "line": 109, "column": 60 } },
      "67": { "start": { "line": 110, "column": 0 }, "end": { "line": 110, "column": 59 } },
      "68": { "start": { "line": 111, "column": 0 }, "end": { "line": 111, "column": 46 } },
      "69": { "start": { "line": 112, "column": 0 }, "end": { "line": 112, "column": 37 } },
      "70": { "start": { "line": 113, "column": 0 }, "end": { "line": 113, "column": 72 } },
      "71": { "start": { "line": 114, "column": 0 }, "end": { "line": 114, "column": 3 } },
      "72": { "start": { "line": 115, "column": 0 }, "end": { "line": 115, "column": 31 } },
      "73": { "start": { "line": 116, "column": 0 }, "end": { "line": 116, "column": 48 } },
      "74": { "start": { "line": 117, "column": 0 }, "end": { "line": 117, "column": 44 } },
      "75": { "start": { "line": 118, "column": 0 }, "end": { "line": 118, "column": 1 } },
      "76": { "start": { "line": 121, "column": 0 }, "end": { "line": 121, "column": 75 } },
      "77": { "start": { "line": 122, "column": 0 }, "end": { "line": 122, "column": 27 } },
      "78": { "start": { "line": 123, "column": 0 }, "end": { "line": 123, "column": 33 } },
      "79": { "start": { "line": 124, "column": 0 }, "end": { "line": 124, "column": 36 } },
      "80": { "start": { "line": 125, "column": 0 }, "end": { "line": 125, "column": 87 } },
      "81": { "start": { "line": 126, "column": 0 }, "end": { "line": 126, "column": 19 } },
      "82": { "start": { "line": 127, "column": 0 }, "end": { "line": 127, "column": 1 } },
      "83": { "start": { "line": 130, "column": 0 }, "end": { "line": 130, "column": 52 } },
      "84": { "start": { "line": 131, "column": 0 }, "end": { "line": 131, "column": 26 } },
      "85": { "start": { "line": 132, "column": 0 }, "end": { "line": 132, "column": 46 } },
      "86": { "start": { "line": 133, "column": 0 }, "end": { "line": 133, "column": 22 } },
      "87": { "start": { "line": 134, "column": 0 }, "end": { "line": 134, "column": 15 } },
      "88": { "start": { "line": 135, "column": 0 }, "end": { "line": 135, "column": 40 } },
      "89": { "start": { "line": 136, "column": 0 }, "end": { "line": 136, "column": 25 } },
      "90": { "start": { "line": 137, "column": 0 }, "end": { "line": 137, "column": 33 } },
      "91": { "start": { "line": 138, "column": 0 }, "end": { "line": 138, "column": 25 } },
      "92": { "start": { "line": 139, "column": 0 }, "end": { "line": 139, "column": 35 } },
      "93": { "start": { "line": 140, "column": 0 }, "end": { "line": 140, "column": 27 } },
      "94": { "start": { "line": 141, "column": 0 }, "end": { "line": 141, "column": 17 } },
      "95": { "start": { "line": 142, "column": 0 }, "end": { "line": 142, "column": 41 } },
      "96": { "start": { "line": 143, "column": 0 }, "end": { "line": 143, "column": 31 } },
      "97": { "start": { "line": 144, "column": 0 }, "end": { "line": 144, "column": 41 } },
      "98": { "start": { "line": 145, "column": 0 }, "end": { "line": 145, "column": 50 } },
      "99": { "start": { "line": 146, "column": 0 }, "end": { "line": 146, "column": 76 } },
      "100": { "start": { "line": 147, "column": 0 }, "end": { "line": 147, "column": 33 } },
      "101": { "start": { "line": 148, "column": 0 }, "end": { "line": 148, "column": 4 } },
      "102": { "start": { "line": 149, "column": 0 }, "end": { "line": 149, "column": 19 } },
      "103": { "start": { "line": 150, "column": 0 }, "end": { "line": 150, "column": 17 } },
      "104": { "start": { "line": 151, "column": 0 }, "end": { "line": 151, "column": 28 } },
      "105": { "start": { "line": 152, "column": 0 }, "end": { "line": 152, "column": 17 } },
      "106": { "start": { "line": 153, "column": 0 }, "end": { "line": 153, "column": 37 } },
      "107": { "start": { "line": 154, "column": 0 }, "end": { "line": 154, "column": 22 } },
      "108": { "start": { "line": 155, "column": 0 }, "end": { "line": 155, "column": 37 } },
      "109": { "start": { "line": 156, "column": 0 }, "end": { "line": 156, "column": 21 } },
      "110": { "start": { "line": 157, "column": 0 }, "end": { "line": 157, "column": 37 } },
      "111": { "start": { "line": 158, "column": 0 }, "end": { "line": 158, "column": 18 } },
      "112": { "start": { "line": 159, "column": 0 }, "end": { "line": 159, "column": 37 } },
      "113": { "start": { "line": 160, "column": 0 }, "end": { "line": 160, "column": 17 } },
      "114": { "start": { "line": 161, "column": 0 }, "end": { "line": 161, "column": 37 } },
      "115": { "start": { "line": 162, "column": 0 }, "end": { "line": 162, "column": 19 } },
      "116": { "start": { "line": 163, "column": 0 }, "end": { "line": 163, "column": 60 } },
      "117": { "start": { "line": 164, "column": 0 }, "end": { "line": 164, "column": 16 } },
      "118": { "start": { "line": 165, "column": 0 }, "end": { "line": 165, "column": 38 } },
      "119": { "start": { "line": 166, "column": 0 }, "end": { "line": 166, "column": 14 } },
      "120": { "start": { "line": 167, "column": 0 }, "end": { "line": 167, "column": 36 } },
      "121": { "start": { "line": 168, "column": 0 }, "end": { "line": 168, "column": 19 } },
      "122": { "start": { "line": 169, "column": 0 }, "end": { "line": 169, "column": 60 } },
      "123": { "start": { "line": 170, "column": 0 }, "end": { "line": 170, "column": 18 } },
      "124": { "start": { "line": 171, "column": 0 }, "end": { "line": 171, "column": 45 } },
      "125": { "start": { "line": 172, "column": 0 }, "end": { "line": 172, "column": 12 } },
      "126": { "start": { "line": 173, "column": 0 }, "end": { "line": 173, "column": 16 } },
      "127": { "start": { "line": 174, "column": 0 }, "end": { "line": 174, "column": 3 } },
      "128": { "start": { "line": 175, "column": 0 }, "end": { "line": 175, "column": 1 } },
      "129": { "start": { "line": 177, "column": 0 }, "end": { "line": 177, "column": 121 } },
      "130": { "start": { "line": 178, "column": 0 }, "end": { "line": 178, "column": 106 } },
      "131": { "start": { "line": 179, "column": 0 }, "end": { "line": 179, "column": 20 } },
      "132": { "start": { "line": 180, "column": 0 }, "end": { "line": 180, "column": 16 } },
      "133": { "start": { "line": 181, "column": 0 }, "end": { "line": 181, "column": 13 } },
      "134": { "start": { "line": 182, "column": 0 }, "end": { "line": 182, "column": 13 } },
      "135": { "start": { "line": 183, "column": 0 }, "end": { "line": 183, "column": 11 } },
      "136": { "start": { "line": 184, "column": 0 }, "end": { "line": 184, "column": 13 } },
      "137": { "start": { "line": 185, "column": 0 }, "end": { "line": 185, "column": 12 } },
      "138": { "start": { "line": 186, "column": 0 }, "end": { "line": 186, "column": 13 } },
      "139": { "start": { "line": 187, "column": 0 }, "end": { "line": 187, "column": 12 } },
      "140": { "start": { "line": 188, "column": 0 }, "end": { "line": 188, "column": 13 } },
      "141": { "start": { "line": 189, "column": 0 }, "end": { "line": 189, "column": 13 } },
      "142": { "start": { "line": 190, "column": 0 }, "end": { "line": 190, "column": 14 } },
      "143": { "start": { "line": 191, "column": 0 }, "end": { "line": 191, "column": 14 } },
      "144": { "start": { "line": 192, "column": 0 }, "end": { "line": 192, "column": 17 } },
      "145": { "start": { "line": 193, "column": 0 }, "end": { "line": 193, "column": 2 } },
      "146": { "start": { "line": 195, "column": 0 }, "end": { "line": 195, "column": 35 } },
      "147": { "start": { "line": 196, "column": 0 }, "end": { "line": 196, "column": 37 } },
      "148": { "start": { "line": 197, "column": 0 }, "end": { "line": 197, "column": 14 } },
      "149": { "start": { "line": 198, "column": 0 }, "end": { "line": 198, "column": 14 } },
      "150": { "start": { "line": 199, "column": 0 }, "end": { "line": 199, "column": 13 } },
      "151": { "start": { "line": 200, "column": 0 }, "end": { "line": 200, "column": 14 } },
      "152": { "start": { "line": 201, "column": 0 }, "end": { "line": 201, "column": 13 } },
      "153": { "start": { "line": 202, "column": 0 }, "end": { "line": 202, "column": 4 } },
      "154": { "start": { "line": 203, "column": 0 }, "end": { "line": 203, "column": 15 } },
      "155": { "start": { "line": 204, "column": 0 }, "end": { "line": 204, "column": 29 } },
      "156": { "start": { "line": 205, "column": 0 }, "end": { "line": 205, "column": 20 } },
      "157": { "start": { "line": 206, "column": 0 }, "end": { "line": 206, "column": 15 } },
      "158": { "start": { "line": 207, "column": 0 }, "end": { "line": 207, "column": 13 } },
      "159": { "start": { "line": 208, "column": 0 }, "end": { "line": 208, "column": 5 } },
      "160": { "start": { "line": 209, "column": 0 }, "end": { "line": 209, "column": 13 } },
      "161": { "start": { "line": 210, "column": 0 }, "end": { "line": 210, "column": 1 } },
      "162": { "start": { "line": 213, "column": 0 }, "end": { "line": 213, "column": 84 } },
      "163": { "start": { "line": 214, "column": 0 }, "end": { "line": 214, "column": 20 } },
      "164": { "start": { "line": 215, "column": 0 }, "end": { "line": 215, "column": 27 } },
      "165": { "start": { "line": 216, "column": 0 }, "end": { "line": 216, "column": 46 } },
      "166": { "start": { "line": 217, "column": 0 }, "end": { "line": 217, "column": 46 } },
      "167": { "start": { "line": 218, "column": 0 }, "end": { "line": 218, "column": 45 } },
      "168": { "start": { "line": 219, "column": 0 }, "end": { "line": 219, "column": 62 } },
      "169": { "start": { "line": 220, "column": 0 }, "end": { "line": 220, "column": 38 } },
      "170": { "start": { "line": 221, "column": 0 }, "end": { "line": 221, "column": 53 } },
      "171": { "start": { "line": 222, "column": 0 }, "end": { "line": 222, "column": 5 } },
      "172": { "start": { "line": 223, "column": 0 }, "end": { "line": 223, "column": 52 } },
      "173": { "start": { "line": 224, "column": 0 }, "end": { "line": 224, "column": 56 } },
      "174": { "start": { "line": 225, "column": 0 }, "end": { "line": 225, "column": 71 } },
      "175": { "start": { "line": 226, "column": 0 }, "end": { "line": 226, "column": 4 } },
      "176": { "start": { "line": 227, "column": 0 }, "end": { "line": 227, "column": 19 } },
      "177": { "start": { "line": 228, "column": 0 }, "end": { "line": 228, "column": 17 } },
      "178": { "start": { "line": 229, "column": 0 }, "end": { "line": 229, "column": 28 } },
      "179": { "start": { "line": 230, "column": 0 }, "end": { "line": 230, "column": 17 } },
      "180": { "start": { "line": 231, "column": 0 }, "end": { "line": 231, "column": 56 } },
      "181": { "start": { "line": 232, "column": 0 }, "end": { "line": 232, "column": 22 } },
      "182": { "start": { "line": 233, "column": 0 }, "end": { "line": 233, "column": 57 } },
      "183": { "start": { "line": 234, "column": 0 }, "end": { "line": 234, "column": 21 } },
      "184": { "start": { "line": 235, "column": 0 }, "end": { "line": 235, "column": 55 } },
      "185": { "start": { "line": 236, "column": 0 }, "end": { "line": 236, "column": 18 } },
      "186": { "start": { "line": 237, "column": 0 }, "end": { "line": 237, "column": 58 } },
      "187": { "start": { "line": 238, "column": 0 }, "end": { "line": 238, "column": 17 } },
      "188": { "start": { "line": 239, "column": 0 }, "end": { "line": 239, "column": 57 } },
      "189": { "start": { "line": 240, "column": 0 }, "end": { "line": 240, "column": 19 } },
      "190": { "start": { "line": 241, "column": 0 }, "end": { "line": 241, "column": 119 } },
      "191": { "start": { "line": 242, "column": 0 }, "end": { "line": 242, "column": 16 } },
      "192": { "start": { "line": 243, "column": 0 }, "end": { "line": 243, "column": 62 } },
      "193": { "start": { "line": 244, "column": 0 }, "end": { "line": 244, "column": 14 } },
      "194": { "start": { "line": 245, "column": 0 }, "end": { "line": 245, "column": 59 } },
      "195": { "start": { "line": 246, "column": 0 }, "end": { "line": 246, "column": 19 } },
      "196": { "start": { "line": 247, "column": 0 }, "end": { "line": 247, "column": 106 } },
      "197": { "start": { "line": 248, "column": 0 }, "end": { "line": 248, "column": 18 } },
      "198": { "start": { "line": 249, "column": 0 }, "end": { "line": 249, "column": 31 } },
      "199": { "start": { "line": 250, "column": 0 }, "end": { "line": 250, "column": 12 } },
      "200": { "start": { "line": 251, "column": 0 }, "end": { "line": 251, "column": 19 } },
      "201": { "start": { "line": 252, "column": 0 }, "end": { "line": 252, "column": 3 } },
      "202": { "start": { "line": 253, "column": 0 }, "end": { "line": 253, "column": 1 } }
    },
    "s": {
      "0": 2,
      "1": 2,
      "2": 2,
      "3": 2,
      "4": 2,
      "5": 2,
      "6": 2,
      "7": 2,
      "8": 2,
      "9": 2,
      "10": 2684,
      "11": 2684,
      "12": 2684,
      "13": 2644,
      "14": 2644,
      "15": 2,
      "16": 2639,
      "17": 2639,
      "18": 2639,
      "19": 13121,
      "20": 37,
      "21": 37,
      "22": 37,
      "23": 37,
      "24": 13121,
      "25": 2639,
      "26": 2639,
      "27": 2639,
      "28": 2639,
      "29": 2639,
      "30": 2639,
      "31": 2639,
      "32": 2612,
      "33": 2639,
      "34": 2618,
      "35": 768,
      "36": 768,
      "37": 748,
      "38": 748,
      "39": 2614,
      "40": 746,
      "41": 746,
      "42": 746,
      "43": 746,
      "44": 2614,
      "45": 2592,
      "46": 2592,
      "47": 2,
      "48": 2533,
      "49": 2533,
      "50": 2533,
      "51": 351,
      "52": 351,
      "53": 351,
      "54": 351,
      "55": 351,
      "56": 2533,
      "57": 2533,
      "58": 2530,
      "59": 2533,
      "60": 2533,
      "61": 2533,
      "62": 2533,
      "63": 2533,
      "64": 2533,
      "65": 2533,
      "66": 2533,
      "67": 2533,
      "68": 2533,
      "69": 0,
      "70": 0,
      "71": 0,
      "72": 2179,
      "73": 2199,
      "74": 47,
      "75": 47,
      "76": 2,
      "77": 6059,
      "78": 6059,
      "79": 6059,
      "80": 6059,
      "81": 3952,
      "82": 3952,
      "83": 2,
      "84": 1506,
      "85": 37,
      "86": 45,
      "87": 45,
      "88": 45,
      "89": 3,
      "90": 42,
      "91": 0,
      "92": 42,
      "93": 0,
      "94": 42,
      "95": 45,
      "96": 45,
      "97": 45,
      "98": 45,
      "99": 45,
      "100": 45,
      "101": 45,
      "102": 37,
      "103": 1506,
      "104": 19,
      "105": 1506,
      "106": 8,
      "107": 1506,
      "108": 0,
      "109": 1506,
      "110": 0,
      "111": 1506,
      "112": 1,
      "113": 1506,
      "114": 1,
      "115": 1506,
      "116": 5,
      "117": 1506,
      "118": 0,
      "119": 1506,
      "120": 0,
      "121": 1506,
      "122": 3,
      "123": 1506,
      "124": 0,
      "125": 1506,
      "126": 0,
      "127": 1506,
      "128": 1506,
      "129": 2,
      "130": 2,
      "131": 2,
      "132": 2,
      "133": 2,
      "134": 2,
      "135": 2,
      "136": 2,
      "137": 2,
      "138": 2,
      "139": 2,
      "140": 2,
      "141": 2,
      "142": 2,
      "143": 2,
      "144": 2,
      "145": 2,
      "146": 1,
      "147": 1,
      "148": 1,
      "149": 1,
      "150": 1,
      "151": 1,
      "152": 1,
      "153": 1,
      "154": 1,
      "155": 1,
      "156": 1,
      "157": 3,
      "158": 3,
      "159": 3,
      "160": 1,
      "161": 1,
      "162": 2,
      "163": 56,
      "164": 56,
      "165": 56,
      "166": 59,
      "167": 59,
      "168": 1,
      "169": 1,
      "170": 1,
      "171": 1,
      "172": 59,
      "173": 59,
      "174": 59,
      "175": 59,
      "176": 56,
      "177": 56,
      "178": 52,
      "179": 56,
      "180": 1,
      "181": 56,
      "182": 0,
      "183": 56,
      "184": 0,
      "185": 56,
      "186": 0,
      "187": 56,
      "188": 0,
      "189": 56,
      "190": 1,
      "191": 56,
      "192": 0,
      "193": 56,
      "194": 0,
      "195": 56,
      "196": 2,
      "197": 56,
      "198": 0,
      "199": 56,
      "200": 0,
      "201": 56,
      "202": 56
    },
    "branchMap": {
      "0": {
        "type": "branch",
        "line": 48,
        "loc": { "start": { "line": 48, "column": 0 }, "end": { "line": 52, "column": 1 } },
        "locations": [{ "start": { "line": 48, "column": 0 }, "end": { "line": 52, "column": 1 } }]
      },
      "1": {
        "type": "branch",
        "line": 49,
        "loc": { "start": { "line": 49, "column": 35 }, "end": { "line": 49, "column": 56 } },
        "locations": [{ "start": { "line": 49, "column": 35 }, "end": { "line": 49, "column": 56 } }]
      },
      "2": {
        "type": "branch",
        "line": 49,
        "loc": { "start": { "line": 49, "column": 42 }, "end": { "line": 50, "column": 31 } },
        "locations": [{ "start": { "line": 49, "column": 42 }, "end": { "line": 50, "column": 31 } }]
      },
      "3": {
        "type": "branch",
        "line": 50,
        "loc": { "start": { "line": 50, "column": 24 }, "end": { "line": 50, "column": 45 } },
        "locations": [{ "start": { "line": 50, "column": 24 }, "end": { "line": 50, "column": 45 } }]
      },
      "4": {
        "type": "branch",
        "line": 50,
        "loc": { "start": { "line": 50, "column": 31 }, "end": { "line": 52, "column": 1 } },
        "locations": [{ "start": { "line": 50, "column": 31 }, "end": { "line": 52, "column": 1 } }]
      },
      "5": {
        "type": "branch",
        "line": 55,
        "loc": { "start": { "line": 55, "column": 7 }, "end": { "line": 88, "column": 1 } },
        "locations": [{ "start": { "line": 55, "column": 7 }, "end": { "line": 88, "column": 1 } }]
      },
      "6": {
        "type": "branch",
        "line": 58,
        "loc": { "start": { "line": 58, "column": 61 }, "end": { "line": 64, "column": 3 } },
        "locations": [{ "start": { "line": 58, "column": 61 }, "end": { "line": 64, "column": 3 } }]
      },
      "7": {
        "type": "branch",
        "line": 59,
        "loc": { "start": { "line": 59, "column": 41 }, "end": { "line": 63, "column": 5 } },
        "locations": [{ "start": { "line": 59, "column": 41 }, "end": { "line": 63, "column": 5 } }]
      },
      "8": {
        "type": "branch",
        "line": 65,
        "loc": { "start": { "line": 65, "column": 10 }, "end": { "line": 65, "column": 27 } },
        "locations": [{ "start": { "line": 65, "column": 10 }, "end": { "line": 65, "column": 27 } }]
      },
      "9": {
        "type": "branch",
        "line": 72,
        "loc": { "start": { "line": 72, "column": 11 }, "end": { "line": 72, "column": 28 } },
        "locations": [{ "start": { "line": 72, "column": 11 }, "end": { "line": 72, "column": 28 } }]
      },
      "10": {
        "type": "branch",
        "line": 72,
        "loc": { "start": { "line": 72, "column": 18 }, "end": { "line": 74, "column": 17 } },
        "locations": [{ "start": { "line": 72, "column": 18 }, "end": { "line": 74, "column": 17 } }]
      },
      "11": {
        "type": "branch",
        "line": 74,
        "loc": { "start": { "line": 74, "column": 13 }, "end": { "line": 74, "column": 32 } },
        "locations": [{ "start": { "line": 74, "column": 13 }, "end": { "line": 74, "column": 32 } }]
      },
      "12": {
        "type": "branch",
        "line": 74,
        "loc": { "start": { "line": 74, "column": 30 }, "end": { "line": 79, "column": 3 } },
        "locations": [{ "start": { "line": 74, "column": 30 }, "end": { "line": 79, "column": 3 } }]
      },
      "13": {
        "type": "branch",
        "line": 75,
        "loc": { "start": { "line": 75, "column": 25 }, "end": { "line": 79, "column": 3 } },
        "locations": [{ "start": { "line": 75, "column": 25 }, "end": { "line": 79, "column": 3 } }]
      },
      "14": {
        "type": "branch",
        "line": 77,
        "loc": { "start": { "line": 77, "column": 16 }, "end": { "line": 77, "column": 33 } },
        "locations": [{ "start": { "line": 77, "column": 16 }, "end": { "line": 77, "column": 33 } }]
      },
      "15": {
        "type": "branch",
        "line": 77,
        "loc": { "start": { "line": 77, "column": 23 }, "end": { "line": 79, "column": 3 } },
        "locations": [{ "start": { "line": 77, "column": 23 }, "end": { "line": 79, "column": 3 } }]
      },
      "16": {
        "type": "branch",
        "line": 79,
        "loc": { "start": { "line": 79, "column": 2 }, "end": { "line": 88, "column": 1 } },
        "locations": [{ "start": { "line": 79, "column": 2 }, "end": { "line": 88, "column": 1 } }]
      },
      "17": {
        "type": "branch",
        "line": 80,
        "loc": { "start": { "line": 80, "column": 26 }, "end": { "line": 84, "column": 3 } },
        "locations": [{ "start": { "line": 80, "column": 26 }, "end": { "line": 84, "column": 3 } }]
      },
      "18": {
        "type": "branch",
        "line": 82,
        "loc": { "start": { "line": 82, "column": 49 }, "end": { "line": 82, "column": 66 } },
        "locations": [{ "start": { "line": 82, "column": 49 }, "end": { "line": 82, "column": 66 } }]
      },
      "19": {
        "type": "branch",
        "line": 85,
        "loc": { "start": { "line": 85, "column": 24 }, "end": { "line": 85, "column": 41 } },
        "locations": [{ "start": { "line": 85, "column": 24 }, "end": { "line": 85, "column": 41 } }]
      },
      "20": {
        "type": "branch",
        "line": 90,
        "loc": { "start": { "line": 90, "column": 7 }, "end": { "line": 118, "column": 1 } },
        "locations": [{ "start": { "line": 90, "column": 7 }, "end": { "line": 118, "column": 1 } }]
      },
      "21": {
        "type": "branch",
        "line": 99,
        "loc": { "start": { "line": 99, "column": 16 }, "end": { "line": 99, "column": 48 } },
        "locations": [{ "start": { "line": 99, "column": 16 }, "end": { "line": 99, "column": 48 } }]
      },
      "22": {
        "type": "branch",
        "line": 100,
        "loc": { "start": { "line": 100, "column": 26 }, "end": { "line": 100, "column": 81 } },
        "locations": [{ "start": { "line": 100, "column": 26 }, "end": { "line": 100, "column": 81 } }]
      },
      "23": {
        "type": "branch",
        "line": 102,
        "loc": { "start": { "line": 102, "column": 44 }, "end": { "line": 102, "column": 76 } },
        "locations": [{ "start": { "line": 102, "column": 44 }, "end": { "line": 102, "column": 76 } }]
      },
      "24": {
        "type": "branch",
        "line": 102,
        "loc": { "start": { "line": 102, "column": 74 }, "end": { "line": 103, "column": 51 } },
        "locations": [{ "start": { "line": 102, "column": 74 }, "end": { "line": 103, "column": 51 } }]
      },
      "25": {
        "type": "branch",
        "line": 103,
        "loc": { "start": { "line": 103, "column": 44 }, "end": { "line": 103, "column": 76 } },
        "locations": [{ "start": { "line": 103, "column": 44 }, "end": { "line": 103, "column": 76 } }]
      },
      "26": {
        "type": "branch",
        "line": 103,
        "loc": { "start": { "line": 103, "column": 74 }, "end": { "line": 104, "column": 43 } },
        "locations": [{ "start": { "line": 103, "column": 74 }, "end": { "line": 104, "column": 43 } }]
      },
      "27": {
        "type": "branch",
        "line": 104,
        "loc": { "start": { "line": 104, "column": 36 }, "end": { "line": 104, "column": 59 } },
        "locations": [{ "start": { "line": 104, "column": 36 }, "end": { "line": 104, "column": 59 } }]
      },
      "28": {
        "type": "branch",
        "line": 104,
        "loc": { "start": { "line": 104, "column": 57 }, "end": { "line": 105, "column": 41 } },
        "locations": [{ "start": { "line": 104, "column": 57 }, "end": { "line": 105, "column": 41 } }]
      },
      "29": {
        "type": "branch",
        "line": 105,
        "loc": { "start": { "line": 105, "column": 34 }, "end": { "line": 105, "column": 55 } },
        "locations": [{ "start": { "line": 105, "column": 34 }, "end": { "line": 105, "column": 55 } }]
      },
      "30": {
        "type": "branch",
        "line": 105,
        "loc": { "start": { "line": 105, "column": 53 }, "end": { "line": 106, "column": 42 } },
        "locations": [{ "start": { "line": 105, "column": 53 }, "end": { "line": 106, "column": 42 } }]
      },
      "31": {
        "type": "branch",
        "line": 106,
        "loc": { "start": { "line": 106, "column": 35 }, "end": { "line": 106, "column": 59 } },
        "locations": [{ "start": { "line": 106, "column": 35 }, "end": { "line": 106, "column": 59 } }]
      },
      "32": {
        "type": "branch",
        "line": 106,
        "loc": { "start": { "line": 106, "column": 57 }, "end": { "line": 107, "column": 42 } },
        "locations": [{ "start": { "line": 106, "column": 57 }, "end": { "line": 107, "column": 42 } }]
      },
      "33": {
        "type": "branch",
        "line": 107,
        "loc": { "start": { "line": 107, "column": 35 }, "end": { "line": 107, "column": 64 } },
        "locations": [{ "start": { "line": 107, "column": 35 }, "end": { "line": 107, "column": 64 } }]
      },
      "34": {
        "type": "branch",
        "line": 107,
        "loc": { "start": { "line": 107, "column": 62 }, "end": { "line": 108, "column": 42 } },
        "locations": [{ "start": { "line": 107, "column": 62 }, "end": { "line": 108, "column": 42 } }]
      },
      "35": {
        "type": "branch",
        "line": 108,
        "loc": { "start": { "line": 108, "column": 35 }, "end": { "line": 108, "column": 63 } },
        "locations": [{ "start": { "line": 108, "column": 35 }, "end": { "line": 108, "column": 63 } }]
      },
      "36": {
        "type": "branch",
        "line": 108,
        "loc": { "start": { "line": 108, "column": 61 }, "end": { "line": 109, "column": 42 } },
        "locations": [{ "start": { "line": 108, "column": 61 }, "end": { "line": 109, "column": 42 } }]
      },
      "37": {
        "type": "branch",
        "line": 109,
        "loc": { "start": { "line": 109, "column": 35 }, "end": { "line": 109, "column": 60 } },
        "locations": [{ "start": { "line": 109, "column": 35 }, "end": { "line": 109, "column": 60 } }]
      },
      "38": {
        "type": "branch",
        "line": 109,
        "loc": { "start": { "line": 109, "column": 58 }, "end": { "line": 110, "column": 42 } },
        "locations": [{ "start": { "line": 109, "column": 58 }, "end": { "line": 110, "column": 42 } }]
      },
      "39": {
        "type": "branch",
        "line": 110,
        "loc": { "start": { "line": 110, "column": 35 }, "end": { "line": 110, "column": 59 } },
        "locations": [{ "start": { "line": 110, "column": 35 }, "end": { "line": 110, "column": 59 } }]
      },
      "40": {
        "type": "branch",
        "line": 110,
        "loc": { "start": { "line": 110, "column": 57 }, "end": { "line": 111, "column": 45 } },
        "locations": [{ "start": { "line": 110, "column": 57 }, "end": { "line": 111, "column": 45 } }]
      },
      "41": {
        "type": "branch",
        "line": 111,
        "loc": { "start": { "line": 111, "column": 45 }, "end": { "line": 114, "column": 3 } },
        "locations": [{ "start": { "line": 111, "column": 45 }, "end": { "line": 114, "column": 3 } }]
      },
      "42": {
        "type": "branch",
        "line": 114,
        "loc": { "start": { "line": 114, "column": 2 }, "end": { "line": 116, "column": 48 } },
        "locations": [{ "start": { "line": 114, "column": 2 }, "end": { "line": 116, "column": 48 } }]
      },
      "43": {
        "type": "branch",
        "line": 116,
        "loc": { "start": { "line": 116, "column": 9 }, "end": { "line": 116, "column": 48 } },
        "locations": [{ "start": { "line": 116, "column": 9 }, "end": { "line": 116, "column": 48 } }]
      },
      "44": {
        "type": "branch",
        "line": 116,
        "loc": { "start": { "line": 116, "column": 46 }, "end": { "line": 118, "column": 1 } },
        "locations": [{ "start": { "line": 116, "column": 46 }, "end": { "line": 118, "column": 1 } }]
      },
      "45": {
        "type": "branch",
        "line": 93,
        "loc": { "start": { "line": 93, "column": 12 }, "end": { "line": 98, "column": 4 } },
        "locations": [{ "start": { "line": 93, "column": 12 }, "end": { "line": 98, "column": 4 } }]
      },
      "46": {
        "type": "branch",
        "line": 94,
        "loc": { "start": { "line": 94, "column": 50 }, "end": { "line": 94, "column": 64 } },
        "locations": [{ "start": { "line": 94, "column": 50 }, "end": { "line": 94, "column": 64 } }]
      },
      "47": {
        "type": "branch",
        "line": 95,
        "loc": { "start": { "line": 95, "column": 21 }, "end": { "line": 95, "column": 54 } },
        "locations": [{ "start": { "line": 95, "column": 21 }, "end": { "line": 95, "column": 54 } }]
      },
      "48": {
        "type": "branch",
        "line": 95,
        "loc": { "start": { "line": 95, "column": 50 }, "end": { "line": 95, "column": 64 } },
        "locations": [{ "start": { "line": 95, "column": 50 }, "end": { "line": 95, "column": 64 } }]
      },
      "49": {
        "type": "branch",
        "line": 96,
        "loc": { "start": { "line": 96, "column": 43 }, "end": { "line": 96, "column": 62 } },
        "locations": [{ "start": { "line": 96, "column": 43 }, "end": { "line": 96, "column": 62 } }]
      },
      "50": {
        "type": "branch",
        "line": 96,
        "loc": { "start": { "line": 96, "column": 62 }, "end": { "line": 96, "column": 104 } },
        "locations": [{ "start": { "line": 96, "column": 62 }, "end": { "line": 96, "column": 104 } }]
      },
      "51": {
        "type": "branch",
        "line": 121,
        "loc": { "start": { "line": 121, "column": 7 }, "end": { "line": 127, "column": 1 } },
        "locations": [{ "start": { "line": 121, "column": 7 }, "end": { "line": 127, "column": 1 } }]
      },
      "52": {
        "type": "branch",
        "line": 122,
        "loc": { "start": { "line": 122, "column": 10 }, "end": { "line": 122, "column": 27 } },
        "locations": [{ "start": { "line": 122, "column": 10 }, "end": { "line": 122, "column": 27 } }]
      },
      "53": {
        "type": "branch",
        "line": 123,
        "loc": { "start": { "line": 123, "column": 17 }, "end": { "line": 123, "column": 33 } },
        "locations": [{ "start": { "line": 123, "column": 17 }, "end": { "line": 123, "column": 33 } }]
      },
      "54": {
        "type": "branch",
        "line": 124,
        "loc": { "start": { "line": 124, "column": 19 }, "end": { "line": 124, "column": 36 } },
        "locations": [{ "start": { "line": 124, "column": 19 }, "end": { "line": 124, "column": 36 } }]
      },
      "55": {
        "type": "branch",
        "line": 125,
        "loc": { "start": { "line": 125, "column": 45 }, "end": { "line": 125, "column": 87 } },
        "locations": [{ "start": { "line": 125, "column": 45 }, "end": { "line": 125, "column": 87 } }]
      },
      "56": {
        "type": "branch",
        "line": 130,
        "loc": { "start": { "line": 130, "column": 7 }, "end": { "line": 175, "column": 1 } },
        "locations": [{ "start": { "line": 130, "column": 7 }, "end": { "line": 175, "column": 1 } }]
      },
      "57": {
        "type": "branch",
        "line": 131,
        "loc": { "start": { "line": 131, "column": 13 }, "end": { "line": 131, "column": 26 } },
        "locations": [{ "start": { "line": 131, "column": 13 }, "end": { "line": 131, "column": 26 } }]
      },
      "58": {
        "type": "branch",
        "line": 131,
        "loc": { "start": { "line": 131, "column": 22 }, "end": { "line": 149, "column": 19 } },
        "locations": [{ "start": { "line": 131, "column": 22 }, "end": { "line": 149, "column": 19 } }]
      },
      "59": {
        "type": "branch",
        "line": 150,
        "loc": { "start": { "line": 150, "column": 4 }, "end": { "line": 151, "column": 28 } },
        "locations": [{ "start": { "line": 150, "column": 4 }, "end": { "line": 151, "column": 28 } }]
      },
      "60": {
        "type": "branch",
        "line": 152,
        "loc": { "start": { "line": 152, "column": 4 }, "end": { "line": 153, "column": 37 } },
        "locations": [{ "start": { "line": 152, "column": 4 }, "end": { "line": 153, "column": 37 } }]
      },
      "61": {
        "type": "branch",
        "line": 154,
        "loc": { "start": { "line": 154, "column": 4 }, "end": { "line": 155, "column": 37 } },
        "locations": [{ "start": { "line": 154, "column": 4 }, "end": { "line": 155, "column": 37 } }]
      },
      "62": {
        "type": "branch",
        "line": 156,
        "loc": { "start": { "line": 156, "column": 4 }, "end": { "line": 157, "column": 37 } },
        "locations": [{ "start": { "line": 156, "column": 4 }, "end": { "line": 157, "column": 37 } }]
      },
      "63": {
        "type": "branch",
        "line": 158,
        "loc": { "start": { "line": 158, "column": 4 }, "end": { "line": 159, "column": 37 } },
        "locations": [{ "start": { "line": 158, "column": 4 }, "end": { "line": 159, "column": 37 } }]
      },
      "64": {
        "type": "branch",
        "line": 160,
        "loc": { "start": { "line": 160, "column": 4 }, "end": { "line": 161, "column": 37 } },
        "locations": [{ "start": { "line": 160, "column": 4 }, "end": { "line": 161, "column": 37 } }]
      },
      "65": {
        "type": "branch",
        "line": 162,
        "loc": { "start": { "line": 162, "column": 4 }, "end": { "line": 163, "column": 60 } },
        "locations": [{ "start": { "line": 162, "column": 4 }, "end": { "line": 163, "column": 60 } }]
      },
      "66": {
        "type": "branch",
        "line": 164,
        "loc": { "start": { "line": 164, "column": 4 }, "end": { "line": 165, "column": 38 } },
        "locations": [{ "start": { "line": 164, "column": 4 }, "end": { "line": 165, "column": 38 } }]
      },
      "67": {
        "type": "branch",
        "line": 166,
        "loc": { "start": { "line": 166, "column": 4 }, "end": { "line": 167, "column": 36 } },
        "locations": [{ "start": { "line": 166, "column": 4 }, "end": { "line": 167, "column": 36 } }]
      },
      "68": {
        "type": "branch",
        "line": 168,
        "loc": { "start": { "line": 168, "column": 4 }, "end": { "line": 169, "column": 60 } },
        "locations": [{ "start": { "line": 168, "column": 4 }, "end": { "line": 169, "column": 60 } }]
      },
      "69": {
        "type": "branch",
        "line": 170,
        "loc": { "start": { "line": 170, "column": 4 }, "end": { "line": 171, "column": 45 } },
        "locations": [{ "start": { "line": 170, "column": 4 }, "end": { "line": 171, "column": 45 } }]
      },
      "70": {
        "type": "branch",
        "line": 172,
        "loc": { "start": { "line": 172, "column": 4 }, "end": { "line": 173, "column": 16 } },
        "locations": [{ "start": { "line": 172, "column": 4 }, "end": { "line": 173, "column": 16 } }]
      },
      "71": {
        "type": "branch",
        "line": 132,
        "loc": { "start": { "line": 132, "column": 17 }, "end": { "line": 148, "column": 4 } },
        "locations": [{ "start": { "line": 132, "column": 17 }, "end": { "line": 148, "column": 4 } }]
      },
      "72": {
        "type": "branch",
        "line": 133,
        "loc": { "start": { "line": 133, "column": 12 }, "end": { "line": 133, "column": 22 } },
        "locations": [{ "start": { "line": 133, "column": 12 }, "end": { "line": 133, "column": 22 } }]
      },
      "73": {
        "type": "branch",
        "line": 135,
        "loc": { "start": { "line": 135, "column": 21 }, "end": { "line": 136, "column": 25 } },
        "locations": [{ "start": { "line": 135, "column": 21 }, "end": { "line": 136, "column": 25 } }]
      },
      "74": {
        "type": "branch",
        "line": 137,
        "loc": { "start": { "line": 137, "column": 25 }, "end": { "line": 138, "column": 25 } },
        "locations": [{ "start": { "line": 137, "column": 25 }, "end": { "line": 138, "column": 25 } }]
      },
      "75": {
        "type": "branch",
        "line": 139,
        "loc": { "start": { "line": 139, "column": 27 }, "end": { "line": 140, "column": 27 } },
        "locations": [{ "start": { "line": 139, "column": 27 }, "end": { "line": 140, "column": 27 } }]
      },
      "76": {
        "type": "branch",
        "line": 144,
        "loc": { "start": { "line": 144, "column": 15 }, "end": { "line": 144, "column": 41 } },
        "locations": [{ "start": { "line": 144, "column": 15 }, "end": { "line": 144, "column": 41 } }]
      },
      "77": {
        "type": "branch",
        "line": 145,
        "loc": { "start": { "line": 145, "column": 17 }, "end": { "line": 145, "column": 50 } },
        "locations": [{ "start": { "line": 145, "column": 17 }, "end": { "line": 145, "column": 50 } }]
      },
      "78": {
        "type": "branch",
        "line": 213,
        "loc": { "start": { "line": 213, "column": 7 }, "end": { "line": 253, "column": 1 } },
        "locations": [{ "start": { "line": 213, "column": 7 }, "end": { "line": 253, "column": 1 } }]
      },
      "79": {
        "type": "branch",
        "line": 214,
        "loc": { "start": { "line": 214, "column": 10 }, "end": { "line": 214, "column": 20 } },
        "locations": [{ "start": { "line": 214, "column": 10 }, "end": { "line": 214, "column": 20 } }]
      },
      "80": {
        "type": "branch",
        "line": 228,
        "loc": { "start": { "line": 228, "column": 4 }, "end": { "line": 229, "column": 28 } },
        "locations": [{ "start": { "line": 228, "column": 4 }, "end": { "line": 229, "column": 28 } }]
      },
      "81": {
        "type": "branch",
        "line": 230,
        "loc": { "start": { "line": 230, "column": 4 }, "end": { "line": 231, "column": 56 } },
        "locations": [{ "start": { "line": 230, "column": 4 }, "end": { "line": 231, "column": 56 } }]
      },
      "82": {
        "type": "branch",
        "line": 232,
        "loc": { "start": { "line": 232, "column": 4 }, "end": { "line": 233, "column": 57 } },
        "locations": [{ "start": { "line": 232, "column": 4 }, "end": { "line": 233, "column": 57 } }]
      },
      "83": {
        "type": "branch",
        "line": 234,
        "loc": { "start": { "line": 234, "column": 4 }, "end": { "line": 235, "column": 55 } },
        "locations": [{ "start": { "line": 234, "column": 4 }, "end": { "line": 235, "column": 55 } }]
      },
      "84": {
        "type": "branch",
        "line": 236,
        "loc": { "start": { "line": 236, "column": 4 }, "end": { "line": 237, "column": 58 } },
        "locations": [{ "start": { "line": 236, "column": 4 }, "end": { "line": 237, "column": 58 } }]
      },
      "85": {
        "type": "branch",
        "line": 238,
        "loc": { "start": { "line": 238, "column": 4 }, "end": { "line": 239, "column": 57 } },
        "locations": [{ "start": { "line": 238, "column": 4 }, "end": { "line": 239, "column": 57 } }]
      },
      "86": {
        "type": "branch",
        "line": 240,
        "loc": { "start": { "line": 240, "column": 4 }, "end": { "line": 241, "column": 119 } },
        "locations": [{ "start": { "line": 240, "column": 4 }, "end": { "line": 241, "column": 119 } }]
      },
      "87": {
        "type": "branch",
        "line": 242,
        "loc": { "start": { "line": 242, "column": 4 }, "end": { "line": 243, "column": 62 } },
        "locations": [{ "start": { "line": 242, "column": 4 }, "end": { "line": 243, "column": 62 } }]
      },
      "88": {
        "type": "branch",
        "line": 244,
        "loc": { "start": { "line": 244, "column": 4 }, "end": { "line": 245, "column": 59 } },
        "locations": [{ "start": { "line": 244, "column": 4 }, "end": { "line": 245, "column": 59 } }]
      },
      "89": {
        "type": "branch",
        "line": 246,
        "loc": { "start": { "line": 246, "column": 4 }, "end": { "line": 247, "column": 106 } },
        "locations": [{ "start": { "line": 246, "column": 4 }, "end": { "line": 247, "column": 106 } }]
      },
      "90": {
        "type": "branch",
        "line": 247,
        "loc": { "start": { "line": 247, "column": 59 }, "end": { "line": 247, "column": 106 } },
        "locations": [{ "start": { "line": 247, "column": 59 }, "end": { "line": 247, "column": 106 } }]
      },
      "91": {
        "type": "branch",
        "line": 248,
        "loc": { "start": { "line": 248, "column": 4 }, "end": { "line": 249, "column": 31 } },
[...]
      "51": { "start": { "line": 52, "column": 0 }, "end": { "line": 52, "column": 137 } },
      "52": { "start": { "line": 53, "column": 0 }, "end": { "line": 53, "column": 26 } },
      "53": { "start": { "line": 54, "column": 0 }, "end": { "line": 54, "column": 45 } },
      "54": { "start": { "line": 55, "column": 0 }, "end": { "line": 55, "column": 33 } },
      "55": { "start": { "line": 56, "column": 0 }, "end": { "line": 56, "column": 73 } },
      "56": { "start": { "line": 57, "column": 0 }, "end": { "line": 57, "column": 3 } },
      "57": { "start": { "line": 58, "column": 0 }, "end": { "line": 58, "column": 19 } },
      "58": { "start": { "line": 59, "column": 0 }, "end": { "line": 59, "column": 1 } },
      "60": { "start": { "line": 61, "column": 0 }, "end": { "line": 61, "column": 106 } },
      "61": { "start": { "line": 62, "column": 0 }, "end": { "line": 62, "column": 40 } },
      "62": { "start": { "line": 63, "column": 0 }, "end": { "line": 63, "column": 73 } },
      "63": { "start": { "line": 64, "column": 0 }, "end": { "line": 64, "column": 49 } },
      "64": { "start": { "line": 65, "column": 0 }, "end": { "line": 65, "column": 58 } },
      "65": { "start": { "line": 66, "column": 0 }, "end": { "line": 66, "column": 54 } },
      "66": { "start": { "line": 67, "column": 0 }, "end": { "line": 67, "column": 34 } },
      "67": { "start": { "line": 68, "column": 0 }, "end": { "line": 68, "column": 48 } },
      "68": { "start": { "line": 69, "column": 0 }, "end": { "line": 69, "column": 47 } },
      "69": { "start": { "line": 70, "column": 0 }, "end": { "line": 70, "column": 19 } },
      "70": { "start": { "line": 71, "column": 0 }, "end": { "line": 71, "column": 41 } },
      "71": { "start": { "line": 72, "column": 0 }, "end": { "line": 72, "column": 15 } },
      "72": { "start": { "line": 73, "column": 0 }, "end": { "line": 73, "column": 5 } },
      "73": { "start": { "line": 74, "column": 0 }, "end": { "line": 74, "column": 33 } },
      "74": { "start": { "line": 75, "column": 0 }, "end": { "line": 75, "column": 58 } },
      "75": { "start": { "line": 76, "column": 0 }, "end": { "line": 76, "column": 20 } },
      "76": { "start": { "line": 77, "column": 0 }, "end": { "line": 77, "column": 24 } },
      "77": { "start": { "line": 78, "column": 0 }, "end": { "line": 78, "column": 24 } },
      "78": { "start": { "line": 79, "column": 0 }, "end": { "line": 79, "column": 33 } },
      "79": { "start": { "line": 80, "column": 0 }, "end": { "line": 80, "column": 10 } },
      "80": { "start": { "line": 81, "column": 0 }, "end": { "line": 81, "column": 56 } },
      "81": { "start": { "line": 82, "column": 0 }, "end": { "line": 82, "column": 21 } },
      "82": { "start": { "line": 83, "column": 0 }, "end": { "line": 83, "column": 5 } },
      "83": { "start": { "line": 84, "column": 0 }, "end": { "line": 84, "column": 41 } },
      "84": { "start": { "line": 85, "column": 0 }, "end": { "line": 85, "column": 38 } },
      "85": { "start": { "line": 86, "column": 0 }, "end": { "line": 86, "column": 35 } },
      "86": { "start": { "line": 87, "column": 0 }, "end": { "line": 87, "column": 23 } },
      "87": { "start": { "line": 88, "column": 0 }, "end": { "line": 88, "column": 71 } },
      "88": { "start": { "line": 89, "column": 0 }, "end": { "line": 89, "column": 36 } },
      "89": { "start": { "line": 90, "column": 0 }, "end": { "line": 90, "column": 68 } },
      "90": { "start": { "line": 91, "column": 0 }, "end": { "line": 91, "column": 65 } },
      "91": { "start": { "line": 92, "column": 0 }, "end": { "line": 92, "column": 110 } },
      "92": { "start": { "line": 93, "column": 0 }, "end": { "line": 93, "column": 5 } },
      "93": { "start": { "line": 94, "column": 0 }, "end": { "line": 94, "column": 30 } },
      "94": { "start": { "line": 95, "column": 0 }, "end": { "line": 95, "column": 17 } },
      "95": { "start": { "line": 96, "column": 0 }, "end": { "line": 96, "column": 11 } },
      "96": { "start": { "line": 97, "column": 0 }, "end": { "line": 97, "column": 19 } },
      "97": { "start": { "line": 98, "column": 0 }, "end": { "line": 98, "column": 12 } },
      "98": { "start": { "line": 99, "column": 0 }, "end": { "line": 99, "column": 32 } },
      "99": { "start": { "line": 100, "column": 0 }, "end": { "line": 100, "column": 13 } },
      "100": { "start": { "line": 101, "column": 0 }, "end": { "line": 101, "column": 14 } },
      "101": { "start": { "line": 102, "column": 0 }, "end": { "line": 102, "column": 47 } },
      "102": { "start": { "line": 103, "column": 0 }, "end": { "line": 103, "column": 27 } },
      "103": { "start": { "line": 104, "column": 0 }, "end": { "line": 104, "column": 16 } },
      "104": { "start": { "line": 105, "column": 0 }, "end": { "line": 105, "column": 6 } },
      "105": { "start": { "line": 106, "column": 0 }, "end": { "line": 106, "column": 39 } },
      "106": { "start": { "line": 107, "column": 0 }, "end": { "line": 107, "column": 53 } },
      "107": { "start": { "line": 108, "column": 0 }, "end": { "line": 108, "column": 3 } },
      "109": { "start": { "line": 110, "column": 0 }, "end": { "line": 110, "column": 55 } },
      "110": { "start": { "line": 111, "column": 0 }, "end": { "line": 111, "column": 54 } },
      "111": { "start": { "line": 112, "column": 0 }, "end": { "line": 112, "column": 8 } },
      "112": { "start": { "line": 113, "column": 0 }, "end": { "line": 113, "column": 68 } },
      "113": { "start": { "line": 114, "column": 0 }, "end": { "line": 114, "column": 92 } },
      "114": { "start": { "line": 115, "column": 0 }, "end": { "line": 115, "column": 6 } },
      "115": { "start": { "line": 116, "column": 0 }, "end": { "line": 116, "column": 44 } },
      "116": { "start": { "line": 117, "column": 0 }, "end": { "line": 117, "column": 79 } },
      "117": { "start": { "line": 118, "column": 0 }, "end": { "line": 118, "column": 76 } },
      "118": { "start": { "line": 119, "column": 0 }, "end": { "line": 119, "column": 55 } },
      "119": { "start": { "line": 120, "column": 0 }, "end": { "line": 120, "column": 97 } },
      "120": { "start": { "line": 121, "column": 0 }, "end": { "line": 121, "column": 1 } }
    },
    "s": {
      "5": 1,
      "6": 1,
      "7": 1,
      "8": 1,
      "9": 1,
      "49": 1,
      "51": 66,
      "52": 66,
      "53": 80,
      "54": 80,
      "55": 80,
      "56": 80,
      "57": 14,
      "58": 14,
      "60": 1,
      "61": 1,
      "62": 1,
      "63": 1,
      "64": 1,
      "65": 1,
      "66": 33,
      "67": 33,
      "68": 33,
      "69": 33,
      "70": 0,
      "71": 0,
      "72": 0,
      "73": 33,
      "74": 33,
      "75": 33,
      "76": 33,
      "77": 33,
      "78": 14,
      "79": 1,
      "80": 1,
      "81": 1,
      "82": 1,
      "83": 33,
      "84": 33,
      "85": 24,
      "86": 24,
      "87": 24,
      "88": 24,
      "89": 24,
      "90": 24,
      "91": 24,
      "92": 24,
      "93": 33,
      "94": 33,
      "95": 33,
      "96": 33,
      "97": 33,
      "98": 33,
      "99": 33,
      "100": 33,
      "101": 33,
      "102": 33,
      "103": 33,
      "104": 33,
      "105": 33,
      "106": 33,
      "107": 33,
      "109": 1,
      "110": 1,
      "111": 7,
      "112": 7,
      "113": 7,
      "114": 1,
      "115": 1,
      "116": 1,
      "117": 1,
      "118": 1,
      "119": 1,
      "120": 1
    },
    "branchMap": {
      "0": {
        "type": "branch",
        "line": 52,
        "loc": { "start": { "line": 52, "column": 0 }, "end": { "line": 59, "column": 1 } },
        "locations": [{ "start": { "line": 52, "column": 0 }, "end": { "line": 59, "column": 1 } }]
      },
      "1": {
        "type": "branch",
        "line": 53,
        "loc": { "start": { "line": 53, "column": 25 }, "end": { "line": 57, "column": 3 } },
        "locations": [{ "start": { "line": 53, "column": 25 }, "end": { "line": 57, "column": 3 } }]
      },
      "2": {
        "type": "branch",
        "line": 54,
        "loc": { "start": { "line": 54, "column": 37 }, "end": { "line": 54, "column": 45 } },
        "locations": [{ "start": { "line": 54, "column": 37 }, "end": { "line": 54, "column": 45 } }]
      },
      "3": {
        "type": "branch",
        "line": 56,
        "loc": { "start": { "line": 56, "column": 25 }, "end": { "line": 56, "column": 73 } },
        "locations": [{ "start": { "line": 56, "column": 25 }, "end": { "line": 56, "column": 73 } }]
      },
      "4": {
        "type": "branch",
        "line": 57,
        "loc": { "start": { "line": 57, "column": 2 }, "end": { "line": 59, "column": 1 } },
        "locations": [{ "start": { "line": 57, "column": 2 }, "end": { "line": 59, "column": 1 } }]
      },
      "5": {
        "type": "branch",
        "line": 61,
        "loc": { "start": { "line": 61, "column": 7 }, "end": { "line": 121, "column": 1 } },
        "locations": [{ "start": { "line": 61, "column": 7 }, "end": { "line": 121, "column": 1 } }]
      },
      "6": {
        "type": "branch",
        "line": 66,
        "loc": { "start": { "line": 66, "column": 53 }, "end": { "line": 108, "column": 3 } },
        "locations": [{ "start": { "line": 66, "column": 53 }, "end": { "line": 108, "column": 3 } }]
      },
      "7": {
        "type": "branch",
        "line": 70,
        "loc": { "start": { "line": 70, "column": 9 }, "end": { "line": 70, "column": 18 } },
        "locations": [{ "start": { "line": 70, "column": 9 }, "end": { "line": 70, "column": 18 } }]
      },
      "8": {
        "type": "branch",
        "line": 70,
        "loc": { "start": { "line": 70, "column": 18 }, "end": { "line": 73, "column": 5 } },
        "locations": [{ "start": { "line": 70, "column": 18 }, "end": { "line": 73, "column": 5 } }]
      },
      "9": {
        "type": "branch",
        "line": 75,
        "loc": { "start": { "line": 75, "column": 21 }, "end": { "line": 75, "column": 58 } },
        "locations": [{ "start": { "line": 75, "column": 21 }, "end": { "line": 75, "column": 58 } }]
      },
      "10": {
        "type": "branch",
        "line": 78,
        "loc": { "start": { "line": 78, "column": 11 }, "end": { "line": 78, "column": 24 } },
        "locations": [{ "start": { "line": 78, "column": 11 }, "end": { "line": 78, "column": 24 } }]
      },
      "11": {
        "type": "branch",
        "line": 78,
        "loc": { "start": { "line": 78, "column": 19 }, "end": { "line": 83, "column": 5 } },
        "locations": [{ "start": { "line": 78, "column": 19 }, "end": { "line": 83, "column": 5 } }]
      },
      "12": {
        "type": "branch",
        "line": 79,
        "loc": { "start": { "line": 79, "column": 21 }, "end": { "line": 79, "column": 33 } },
        "locations": [{ "start": { "line": 79, "column": 21 }, "end": { "line": 79, "column": 33 } }]
      },
      "13": {
        "type": "branch",
        "line": 79,
        "loc": { "start": { "line": 79, "column": 27 }, "end": { "line": 83, "column": 5 } },
        "locations": [{ "start": { "line": 79, "column": 27 }, "end": { "line": 83, "column": 5 } }]
      },
      "14": {
        "type": "branch",
        "line": 85,
        "loc": { "start": { "line": 85, "column": 37 }, "end": { "line": 93, "column": 5 } },
        "locations": [{ "start": { "line": 85, "column": 37 }, "end": { "line": 93, "column": 5 } }]
      },
      "15": {
        "type": "branch",
        "line": 87,
        "loc": { "start": { "line": 87, "column": 14 }, "end": { "line": 87, "column": 23 } },
        "locations": [{ "start": { "line": 87, "column": 14 }, "end": { "line": 87, "column": 23 } }]
      },
      "16": {
        "type": "branch",
        "line": 88,
        "loc": { "start": { "line": 88, "column": 62 }, "end": { "line": 88, "column": 69 } },
        "locations": [{ "start": { "line": 88, "column": 62 }, "end": { "line": 88, "column": 69 } }]
      },
      "17": {
        "type": "branch",
        "line": 89,
        "loc": { "start": { "line": 89, "column": 27 }, "end": { "line": 89, "column": 36 } },
        "locations": [{ "start": { "line": 89, "column": 27 }, "end": { "line": 89, "column": 36 } }]
      },
      "18": {
        "type": "branch",
        "line": 89,
        "loc": { "start": { "line": 89, "column": 27 }, "end": { "line": 90, "column": 45 } },
        "locations": [{ "start": { "line": 89, "column": 27 }, "end": { "line": 90, "column": 45 } }]
      },
      "19": {
        "type": "branch",
        "line": 90,
        "loc": { "start": { "line": 90, "column": 40 }, "end": { "line": 90, "column": 56 } },
        "locations": [{ "start": { "line": 90, "column": 40 }, "end": { "line": 90, "column": 56 } }]
      },
      "20": {
        "type": "branch",
        "line": 90,
        "loc": { "start": { "line": 90, "column": 47 }, "end": { "line": 90, "column": 68 } },
        "locations": [{ "start": { "line": 90, "column": 47 }, "end": { "line": 90, "column": 68 } }]
      },
      "21": {
        "type": "branch",
        "line": 91,
        "loc": { "start": { "line": 91, "column": 21 }, "end": { "line": 91, "column": 55 } },
        "locations": [{ "start": { "line": 91, "column": 21 }, "end": { "line": 91, "column": 55 } }]
      },
      "22": {
        "type": "branch",
        "line": 91,
        "loc": { "start": { "line": 91, "column": 51 }, "end": { "line": 91, "column": 65 } },
        "locations": [{ "start": { "line": 91, "column": 51 }, "end": { "line": 91, "column": 65 } }]
      },
      "23": {
        "type": "branch",
        "line": 92,
        "loc": { "start": { "line": 92, "column": 42 }, "end": { "line": 92, "column": 54 } },
        "locations": [{ "start": { "line": 92, "column": 42 }, "end": { "line": 92, "column": 54 } }]
      },
      "24": {
        "type": "branch",
        "line": 92,
        "loc": { "start": { "line": 92, "column": 66 }, "end": { "line": 92, "column": 97 } },
        "locations": [{ "start": { "line": 92, "column": 66 }, "end": { "line": 92, "column": 97 } }]
      },
      "25": {
        "type": "branch",
        "line": 92,
        "loc": { "start": { "line": 92, "column": 93 }, "end": { "line": 92, "column": 107 } },
        "locations": [{ "start": { "line": 92, "column": 93 }, "end": { "line": 92, "column": 107 } }]
      },
      "26": {
        "type": "branch",
        "line": 102,
        "loc": { "start": { "line": 102, "column": 20 }, "end": { "line": 102, "column": 43 } },
        "locations": [{ "start": { "line": 102, "column": 20 }, "end": { "line": 102, "column": 43 } }]
      },
      "27": {
        "type": "branch",
        "line": 102,
        "loc": { "start": { "line": 102, "column": 30 }, "end": { "line": 102, "column": 43 } },
        "locations": [{ "start": { "line": 102, "column": 30 }, "end": { "line": 102, "column": 43 } }]
      },
      "28": {
        "type": "branch",
        "line": 102,
        "loc": { "start": { "line": 102, "column": 33 }, "end": { "line": 102, "column": 47 } },
        "locations": [{ "start": { "line": 102, "column": 33 }, "end": { "line": 102, "column": 47 } }]
      },
      "29": {
        "type": "branch",
        "line": 106,
        "loc": { "start": { "line": 106, "column": 32 }, "end": { "line": 106, "column": 39 } },
        "locations": [{ "start": { "line": 106, "column": 32 }, "end": { "line": 106, "column": 39 } }]
      },
      "30": {
        "type": "branch",
        "line": 107,
        "loc": { "start": { "line": 107, "column": 37 }, "end": { "line": 107, "column": 47 } },
        "locations": [{ "start": { "line": 107, "column": 37 }, "end": { "line": 107, "column": 47 } }]
      },
      "31": {
        "type": "branch",
        "line": 117,
        "loc": { "start": { "line": 117, "column": 63 }, "end": { "line": 117, "column": 79 } },
        "locations": [{ "start": { "line": 117, "column": 63 }, "end": { "line": 117, "column": 79 } }]
      },
      "32": {
        "type": "branch",
        "line": 118,
        "loc": { "start": { "line": 118, "column": 66 }, "end": { "line": 118, "column": 76 } },
        "locations": [{ "start": { "line": 118, "column": 66 }, "end": { "line": 118, "column": 76 } }]
      },
      "33": {
        "type": "branch",
        "line": 63,
        "loc": { "start": { "line": 63, "column": 41 }, "end": { "line": 63, "column": 70 } },
        "locations": [{ "start": { "line": 63, "column": 41 }, "end": { "line": 63, "column": 70 } }]
      },
      "34": {
        "type": "branch",
        "line": 110,
        "loc": { "start": { "line": 110, "column": 38 }, "end": { "line": 110, "column": 53 } },
        "locations": [{ "start": { "line": 110, "column": 38 }, "end": { "line": 110, "column": 53 } }]
      },
      "35": {
        "type": "branch",
        "line": 111,
        "loc": { "start": { "line": 111, "column": 43 }, "end": { "line": 115, "column": 4 } },
        "locations": [{ "start": { "line": 111, "column": 43 }, "end": { "line": 115, "column": 4 } }]
      },
      "36": {
        "type": "branch",
        "line": 113,
        "loc": { "start": { "line": 113, "column": 36 }, "end": { "line": 113, "column": 68 } },
        "locations": [{ "start": { "line": 113, "column": 36 }, "end": { "line": 113, "column": 68 } }]
      },
      "37": {
        "type": "branch",
        "line": 114,
        "loc": { "start": { "line": 114, "column": 31 }, "end": { "line": 114, "column": 90 } },
        "locations": [{ "start": { "line": 114, "column": 31 }, "end": { "line": 114, "column": 90 } }]
      },
      "38": {
        "type": "branch",
        "line": 114,
        "loc": { "start": { "line": 114, "column": 53 }, "end": { "line": 114, "column": 90 } },
        "locations": [{ "start": { "line": 114, "column": 53 }, "end": { "line": 114, "column": 90 } }]
      },
      "39": {
        "type": "branch",
        "line": 116,
        "loc": { "start": { "line": 116, "column": 29 }, "end": { "line": 116, "column": 42 } },
        "locations": [{ "start": { "line": 116, "column": 29 }, "end": { "line": 116, "column": 42 } }]
      },
      "40": {
        "type": "branch",
        "line": 117,
        "loc": { "start": { "line": 117, "column": 48 }, "end": { "line": 117, "column": 62 } },
        "locations": [{ "start": { "line": 117, "column": 48 }, "end": { "line": 117, "column": 62 } }]
      },
      "41": {
        "type": "branch",
        "line": 118,
        "loc": { "start": { "line": 118, "column": 46 }, "end": { "line": 118, "column": 58 } },
        "locations": [{ "start": { "line": 118, "column": 46 }, "end": { "line": 118, "column": 58 } }]
      }
    },
    "b": {
      "0": [66],
      "1": [80],
      "2": [52],
      "3": [52],
      "4": [14],
      "5": [1],
      "6": [33],
      "7": [0],
      "8": [0],
      "9": [0],
      "10": [19],
      "11": [14],
      "12": [13],
      "13": [1],
      "14": [24],
      "15": [0],
      "16": [22],
      "17": [2],
      "18": [22],
      "19": [11],
      "20": [11],
      "21": [22],
      "22": [0],
      "23": [22],
      "24": [22],
      "25": [0],
      "26": [27],
      "27": [14],
      "28": [26],
      "29": [0],
      "30": [7],
      "31": [0],
      "32": [0],
      "33": [33],
      "34": [9],
      "35": [7],
      "36": [0],
      "37": [47],
      "38": [2],
      "39": [7],
      "40": [33],
      "41": [33]
    },
    "fnMap": {
      "0": {
        "name": "yearOf",
        "decl": { "start": { "line": 52, "column": 0 }, "end": { "line": 59, "column": 1 } },
        "loc": { "start": { "line": 52, "column": 0 }, "end": { "line": 59, "column": 1 } },
        "line": 52
      },
      "1": {
        "name": "buildTimeline",
        "decl": { "start": { "line": 61, "column": 7 }, "end": { "line": 121, "column": 1 } },
        "loc": { "start": { "line": 61, "column": 7 }, "end": { "line": 121, "column": 1 } },
        "line": 61
      }
    },
    "f": { "0": 66, "1": 1 }
  }
}
